;  LST file generated by mikroListExporter - v.2.0 
; Date/Time: 3/16/2013 12:33:58 AM
;----------------------------------------------

;Address Opcode 	ASM
0x0000	0x2DA0      	GOTO       1440
_Mul_16x16_U:
;__Lib_Math.c,136 :: 		
;__Lib_Math.c,143 :: 		
0x0003	0x1283      	BCF        STATUS, 5
;__Lib_Math.c,144 :: 		
0x0004	0x1303      	BCF        STATUS, 6
;__Lib_Math.c,145 :: 		
0x0005	0x01FB      	CLRF       R11
;__Lib_Math.c,146 :: 		
0x0006	0x01FA      	CLRF       R10
;__Lib_Math.c,147 :: 		
0x0007	0x01F9      	CLRF       R9
;__Lib_Math.c,148 :: 		
0x0008	0x3080      	MOVLW      128
;__Lib_Math.c,149 :: 		
0x0009	0x00F8      	MOVWF      R8
;__Lib_Math.c,150 :: 		
0x000A	0x0CF1      	RRF        R1, 1
;__Lib_Math.c,151 :: 		
0x000B	0x0CF0      	RRF        R0, 1
;__Lib_Math.c,152 :: 		
0x000C	0x1C03      	BTFSS      STATUS, 0
;__Lib_Math.c,153 :: 		
0x000D	0x2817      	GOTO       $+10
;__Lib_Math.c,154 :: 		
0x000E	0x0874      	MOVF       R4, 0
;__Lib_Math.c,155 :: 		
0x000F	0x07F9      	ADDWF      R9, 1
;__Lib_Math.c,156 :: 		
0x0010	0x0875      	MOVF       R5, 0
;__Lib_Math.c,157 :: 		
0x0011	0x1803      	BTFSC      STATUS, 0
;__Lib_Math.c,158 :: 		
0x0012	0x0F75      	INCFSZ     R5, 0
;__Lib_Math.c,159 :: 		
0x0013	0x07FA      	ADDWF      R10, 1
;__Lib_Math.c,160 :: 		
0x0014	0x1803      	BTFSC      STATUS, 0
;__Lib_Math.c,161 :: 		
0x0015	0x0AFB      	INCF       R11, 1
;__Lib_Math.c,162 :: 		
0x0016	0x1003      	BCF        STATUS, 0
;__Lib_Math.c,163 :: 		
0x0017	0x1FF0      	BTFSS      R0, 7
;__Lib_Math.c,164 :: 		
0x0018	0x281F      	GOTO       $+7
;__Lib_Math.c,165 :: 		
0x0019	0x0874      	MOVF       R4, 0
;__Lib_Math.c,166 :: 		
0x001A	0x07FA      	ADDWF      R10, 1
;__Lib_Math.c,167 :: 		
0x001B	0x0875      	MOVF       R5, 0
;__Lib_Math.c,168 :: 		
0x001C	0x1803      	BTFSC      STATUS, 0
;__Lib_Math.c,169 :: 		
0x001D	0x0F75      	INCFSZ     R5, 0
;__Lib_Math.c,170 :: 		
0x001E	0x07FB      	ADDWF      R11, 1
;__Lib_Math.c,171 :: 		
0x001F	0x0CFB      	RRF        R11, 1
;__Lib_Math.c,172 :: 		
0x0020	0x0CFA      	RRF        R10, 1
;__Lib_Math.c,173 :: 		
0x0021	0x0CF9      	RRF        R9, 1
;__Lib_Math.c,174 :: 		
0x0022	0x0CF8      	RRF        R8, 1
;__Lib_Math.c,175 :: 		
0x0023	0x1C03      	BTFSS      STATUS, 0
;__Lib_Math.c,176 :: 		
0x0024	0x280A      	GOTO       $-26
;__Lib_Math.c,177 :: 		
0x0025	0x087B      	MOVF       R11, 0
;__Lib_Math.c,178 :: 		
0x0026	0x00F3      	MOVWF      R3
;__Lib_Math.c,179 :: 		
0x0027	0x087A      	MOVF       R10, 0
;__Lib_Math.c,180 :: 		
0x0028	0x00F2      	MOVWF      R2
;__Lib_Math.c,181 :: 		
0x0029	0x0879      	MOVF       R9, 0
;__Lib_Math.c,182 :: 		
0x002A	0x00F1      	MOVWF      R1
;__Lib_Math.c,183 :: 		
0x002B	0x0878      	MOVF       R8, 0
;__Lib_Math.c,184 :: 		
0x002C	0x00F0      	MOVWF      R0
;__Lib_Math.c,187 :: 		
L_end_Mul_16x16_U:
0x002D	0x0008      	RETURN
; end of _Mul_16x16_U
_____DoICP:
;__Lib_System.c,6 :: 		
;__Lib_System.c,9 :: 		
0x002E	0x1283      	BCF        STATUS, 5
0x002F	0x1303      	BCF        STATUS, 6
0x0030	0x0825      	MOVF       ___DoICPAddr+1, 0
0x0031	0x008A      	MOVWF      PCLATH
;__Lib_System.c,10 :: 		
0x0032	0x0824      	MOVF       ___DoICPAddr, 0
0x0033	0x0082      	MOVWF      PCL
;__Lib_System.c,12 :: 		
L_end_____DoICP:
0x0034	0x0008      	RETURN
; end of _____DoICP
_capitalR:
;MyProject.c,102 :: 		void capitalR(int charNum, int start){  //ignites a capital R starting at column specified by "start"
;MyProject.c,104 :: 		int i = 0;
0x0035	0x1283      	BCF        STATUS, 5
0x0036	0x1303      	BCF        STATUS, 6
0x0037	0x01AA      	CLRF       capitalR_i_L0
0x0038	0x01AB      	CLRF       capitalR_i_L0+1
;MyProject.c,105 :: 		PORTB = 0x00;
0x0039	0x0186      	CLRF       PORTB
;MyProject.c,106 :: 		PORTC = 0x00;
0x003A	0x0187      	CLRF       PORTC
;MyProject.c,107 :: 		PORTD = 0x00;
0x003B	0x0188      	CLRF       PORTD
;MyProject.c,108 :: 		PORTA = 0x00;
0x003C	0x0185      	CLRF       PORTA
;MyProject.c,111 :: 		if(start < 15){
0x003D	0x3080      	MOVLW      128
0x003E	0x0629      	XORWF      FARG_capitalR_start+1, 0
0x003F	0x00F0      	MOVWF      R0
0x0040	0x3080      	MOVLW      128
0x0041	0x0270      	SUBWF      R0, 0
0x0042	0x1D03      	BTFSS      STATUS, 2
0x0043	0x2846      	GOTO       L__capitalR88
0x0044	0x300F      	MOVLW      15
0x0045	0x0228      	SUBWF      FARG_capitalR_start, 0
L__capitalR88:
0x0046	0x1803      	BTFSC      STATUS, 0
0x0047	0x2860      	GOTO       L_capitalR0
;MyProject.c,112 :: 		PORTC = column[start];  //holds address of PORTD, columns 0-7
0x0048	0x0828      	MOVF       FARG_capitalR_start, 0
0x0049	0x00F0      	MOVWF      R0
0x004A	0x0829      	MOVF       FARG_capitalR_start+1, 0
0x004B	0x00F1      	MOVWF      R0+1
0x004C	0x0DF0      	RLF        R0, 1
0x004D	0x0DF1      	RLF        R0+1, 1
0x004E	0x1070      	BCF        R0, 0
0x004F	0x30DD      	MOVLW      _column
0x0050	0x07F0      	ADDWF      R0, 1
0x0051	0x3005      	MOVLW      hi_addr(_column)
0x0052	0x1803      	BTFSC      STATUS, 0
0x0053	0x3E01      	ADDLW      1
0x0054	0x07F1      	ADDWF      R0+1, 1
0x0055	0x0870      	MOVF       R0, 0
0x0056	0x00A4      	MOVWF      ___DoICPAddr
0x0057	0x0871      	MOVF       R0+1, 0
0x0058	0x00A5      	MOVWF      ___DoICPAddr+1
0x0059	0x202E      	CALL       _____DoICP
0x005A	0x118A      	BCF        PCLATH, 3
0x005B	0x120A      	BCF        PCLATH, 4
0x005C	0x0087      	MOVWF      PORTC
;MyProject.c,113 :: 		PORTD |= 0b01000000;   //control line for DMUX 1
0x005D	0x1708      	BSF        PORTD, 6
;MyProject.c,114 :: 		PORTA = 0x00;
0x005E	0x0185      	CLRF       PORTA
;MyProject.c,116 :: 		}
0x005F	0x28A8      	GOTO       L_capitalR1
L_capitalR0:
;MyProject.c,117 :: 		else if (start < 28){
0x0060	0x3080      	MOVLW      128
0x0061	0x0629      	XORWF      FARG_capitalR_start+1, 0
0x0062	0x00F0      	MOVWF      R0
0x0063	0x3080      	MOVLW      128
0x0064	0x0270      	SUBWF      R0, 0
0x0065	0x1D03      	BTFSS      STATUS, 2
0x0066	0x2869      	GOTO       L__capitalR89
0x0067	0x301C      	MOVLW      28
0x0068	0x0228      	SUBWF      FARG_capitalR_start, 0
L__capitalR89:
0x0069	0x1803      	BTFSC      STATUS, 0
0x006A	0x2883      	GOTO       L_capitalR2
;MyProject.c,118 :: 		PORTC = column[start];  //columns 7-13
0x006B	0x0828      	MOVF       FARG_capitalR_start, 0
0x006C	0x00F0      	MOVWF      R0
0x006D	0x0829      	MOVF       FARG_capitalR_start+1, 0
0x006E	0x00F1      	MOVWF      R0+1
0x006F	0x0DF0      	RLF        R0, 1
0x0070	0x0DF1      	RLF        R0+1, 1
0x0071	0x1070      	BCF        R0, 0
0x0072	0x30DD      	MOVLW      _column
0x0073	0x07F0      	ADDWF      R0, 1
0x0074	0x3005      	MOVLW      hi_addr(_column)
0x0075	0x1803      	BTFSC      STATUS, 0
0x0076	0x3E01      	ADDLW      1
0x0077	0x07F1      	ADDWF      R0+1, 1
0x0078	0x0870      	MOVF       R0, 0
0x0079	0x00A4      	MOVWF      ___DoICPAddr
0x007A	0x0871      	MOVF       R0+1, 0
0x007B	0x00A5      	MOVWF      ___DoICPAddr+1
0x007C	0x202E      	CALL       _____DoICP
0x007D	0x118A      	BCF        PCLATH, 3
0x007E	0x120A      	BCF        PCLATH, 4
0x007F	0x0087      	MOVWF      PORTC
;MyProject.c,119 :: 		PORTD |= 0b00100000;
0x0080	0x1688      	BSF        PORTD, 5
;MyProject.c,120 :: 		PORTA = 0x00;
0x0081	0x0185      	CLRF       PORTA
;MyProject.c,122 :: 		}
0x0082	0x28A8      	GOTO       L_capitalR3
L_capitalR2:
;MyProject.c,123 :: 		else if (start < 29){
0x0083	0x3080      	MOVLW      128
0x0084	0x0629      	XORWF      FARG_capitalR_start+1, 0
0x0085	0x00F0      	MOVWF      R0
0x0086	0x3080      	MOVLW      128
0x0087	0x0270      	SUBWF      R0, 0
0x0088	0x1D03      	BTFSS      STATUS, 2
0x0089	0x288C      	GOTO       L__capitalR90
0x008A	0x301D      	MOVLW      29
0x008B	0x0228      	SUBWF      FARG_capitalR_start, 0
L__capitalR90:
0x008C	0x1803      	BTFSC      STATUS, 0
0x008D	0x28A8      	GOTO       L_capitalR4
;MyProject.c,124 :: 		PORTA |= column[start];  //columns 14-28
0x008E	0x0828      	MOVF       FARG_capitalR_start, 0
0x008F	0x00F0      	MOVWF      R0
0x0090	0x0829      	MOVF       FARG_capitalR_start+1, 0
0x0091	0x00F1      	MOVWF      R0+1
0x0092	0x0DF0      	RLF        R0, 1
0x0093	0x0DF1      	RLF        R0+1, 1
0x0094	0x1070      	BCF        R0, 0
0x0095	0x30DD      	MOVLW      _column
0x0096	0x07F0      	ADDWF      R0, 1
0x0097	0x3005      	MOVLW      hi_addr(_column)
0x0098	0x1803      	BTFSC      STATUS, 0
0x0099	0x3E01      	ADDLW      1
0x009A	0x07F1      	ADDWF      R0+1, 1
0x009B	0x0870      	MOVF       R0, 0
0x009C	0x00A4      	MOVWF      ___DoICPAddr
0x009D	0x0871      	MOVF       R0+1, 0
0x009E	0x00A5      	MOVWF      ___DoICPAddr+1
0x009F	0x202E      	CALL       _____DoICP
0x00A0	0x118A      	BCF        PCLATH, 3
0x00A1	0x120A      	BCF        PCLATH, 4
0x00A2	0x00F0      	MOVWF      R0
0x00A3	0x0870      	MOVF       R0, 0
0x00A4	0x0485      	IORWF      PORTA, 1
;MyProject.c,125 :: 		PORTC = 0x00;
0x00A5	0x0187      	CLRF       PORTC
;MyProject.c,126 :: 		PORTD &= row9;
0x00A6	0x3080      	MOVLW      128
0x00A7	0x0588      	ANDWF      PORTD, 1
;MyProject.c,127 :: 		}
L_capitalR4:
L_capitalR3:
L_capitalR1:
;MyProject.c,128 :: 		start++;
0x00A8	0x0AA8      	INCF       FARG_capitalR_start, 1
0x00A9	0x1903      	BTFSC      STATUS, 2
0x00AA	0x0AA9      	INCF       FARG_capitalR_start+1, 1
;MyProject.c,129 :: 		PORTB = characters[charNum][0];
0x00AB	0x3018      	MOVLW      24
0x00AC	0x00F0      	MOVWF      R0
0x00AD	0x3000      	MOVLW      0
0x00AE	0x00F1      	MOVWF      R0+1
0x00AF	0x0826      	MOVF       FARG_capitalR_charNum, 0
0x00B0	0x00F4      	MOVWF      R4
0x00B1	0x0827      	MOVF       FARG_capitalR_charNum+1, 0
0x00B2	0x00F5      	MOVWF      R4+1
0x00B3	0x2003      	CALL       _Mul_16x16_U
0x00B4	0x3091      	MOVLW      _characters
0x00B5	0x07F0      	ADDWF      R0, 1
0x00B6	0x3006      	MOVLW      hi_addr(_characters)
0x00B7	0x1803      	BTFSC      STATUS, 0
0x00B8	0x3E01      	ADDLW      1
0x00B9	0x07F1      	ADDWF      R0+1, 1
0x00BA	0x0870      	MOVF       R0, 0
0x00BB	0x00A4      	MOVWF      ___DoICPAddr
0x00BC	0x0871      	MOVF       R0+1, 0
0x00BD	0x00A5      	MOVWF      ___DoICPAddr+1
0x00BE	0x202E      	CALL       _____DoICP
0x00BF	0x118A      	BCF        PCLATH, 3
0x00C0	0x120A      	BCF        PCLATH, 4
0x00C1	0x0086      	MOVWF      PORTB
;MyProject.c,130 :: 		PORTD |= characters[charNum][1];
0x00C2	0x3002      	MOVLW      2
0x00C3	0x07F0      	ADDWF      R0, 1
0x00C4	0x3000      	MOVLW      0
0x00C5	0x1803      	BTFSC      STATUS, 0
0x00C6	0x3E01      	ADDLW      1
0x00C7	0x07F1      	ADDWF      R0+1, 1
0x00C8	0x0870      	MOVF       R0, 0
0x00C9	0x00A4      	MOVWF      ___DoICPAddr
0x00CA	0x0871      	MOVF       R0+1, 0
0x00CB	0x00A5      	MOVWF      ___DoICPAddr+1
0x00CC	0x202E      	CALL       _____DoICP
0x00CD	0x118A      	BCF        PCLATH, 3
0x00CE	0x120A      	BCF        PCLATH, 4
0x00CF	0x00F0      	MOVWF      R0
0x00D0	0x0870      	MOVF       R0, 0
0x00D1	0x0488      	IORWF      PORTD, 1
;MyProject.c,131 :: 		for(i=0; i<20; i++);  //homebrew delay
0x00D2	0x01AA      	CLRF       capitalR_i_L0
0x00D3	0x01AB      	CLRF       capitalR_i_L0+1
L_capitalR5:
0x00D4	0x3080      	MOVLW      128
0x00D5	0x062B      	XORWF      capitalR_i_L0+1, 0
0x00D6	0x00F0      	MOVWF      R0
0x00D7	0x3080      	MOVLW      128
0x00D8	0x0270      	SUBWF      R0, 0
0x00D9	0x1D03      	BTFSS      STATUS, 2
0x00DA	0x28DD      	GOTO       L__capitalR91
0x00DB	0x3014      	MOVLW      20
0x00DC	0x022A      	SUBWF      capitalR_i_L0, 0
L__capitalR91:
0x00DD	0x1803      	BTFSC      STATUS, 0
0x00DE	0x28E3      	GOTO       L_capitalR6
0x00DF	0x0AAA      	INCF       capitalR_i_L0, 1
0x00E0	0x1903      	BTFSC      STATUS, 2
0x00E1	0x0AAB      	INCF       capitalR_i_L0+1, 1
0x00E2	0x28D4      	GOTO       L_capitalR5
L_capitalR6:
;MyProject.c,132 :: 		PORTA = 0x00;
0x00E3	0x0185      	CLRF       PORTA
;MyProject.c,133 :: 		PORTB = 0x00;
0x00E4	0x0186      	CLRF       PORTB
;MyProject.c,134 :: 		PORTC = 0x00;
0x00E5	0x0187      	CLRF       PORTC
;MyProject.c,135 :: 		PORTD = 0x00;
0x00E6	0x0188      	CLRF       PORTD
;MyProject.c,136 :: 		PORTE = 0x00;
0x00E7	0x0189      	CLRF       PORTE
;MyProject.c,141 :: 		if(start < 15){
0x00E8	0x3080      	MOVLW      128
0x00E9	0x0629      	XORWF      FARG_capitalR_start+1, 0
0x00EA	0x00F0      	MOVWF      R0
0x00EB	0x3080      	MOVLW      128
0x00EC	0x0270      	SUBWF      R0, 0
0x00ED	0x1D03      	BTFSS      STATUS, 2
0x00EE	0x28F1      	GOTO       L__capitalR92
0x00EF	0x300F      	MOVLW      15
0x00F0	0x0228      	SUBWF      FARG_capitalR_start, 0
L__capitalR92:
0x00F1	0x1803      	BTFSC      STATUS, 0
0x00F2	0x290B      	GOTO       L_capitalR8
;MyProject.c,142 :: 		PORTC = column[start];  //holds address of PORTD, columns 0-7
0x00F3	0x0828      	MOVF       FARG_capitalR_start, 0
0x00F4	0x00F0      	MOVWF      R0
0x00F5	0x0829      	MOVF       FARG_capitalR_start+1, 0
0x00F6	0x00F1      	MOVWF      R0+1
0x00F7	0x0DF0      	RLF        R0, 1
0x00F8	0x0DF1      	RLF        R0+1, 1
0x00F9	0x1070      	BCF        R0, 0
0x00FA	0x30DD      	MOVLW      _column
0x00FB	0x07F0      	ADDWF      R0, 1
0x00FC	0x3005      	MOVLW      hi_addr(_column)
0x00FD	0x1803      	BTFSC      STATUS, 0
0x00FE	0x3E01      	ADDLW      1
0x00FF	0x07F1      	ADDWF      R0+1, 1
0x0100	0x0870      	MOVF       R0, 0
0x0101	0x00A4      	MOVWF      ___DoICPAddr
0x0102	0x0871      	MOVF       R0+1, 0
0x0103	0x00A5      	MOVWF      ___DoICPAddr+1
0x0104	0x202E      	CALL       _____DoICP
0x0105	0x118A      	BCF        PCLATH, 3
0x0106	0x120A      	BCF        PCLATH, 4
0x0107	0x0087      	MOVWF      PORTC
;MyProject.c,143 :: 		PORTD |= 0b01000000;   //control line for DMUX 1
0x0108	0x1708      	BSF        PORTD, 6
;MyProject.c,144 :: 		PORTA = 0x00;
0x0109	0x0185      	CLRF       PORTA
;MyProject.c,146 :: 		}
0x010A	0x2953      	GOTO       L_capitalR9
L_capitalR8:
;MyProject.c,147 :: 		else if (start < 28){
0x010B	0x3080      	MOVLW      128
0x010C	0x0629      	XORWF      FARG_capitalR_start+1, 0
0x010D	0x00F0      	MOVWF      R0
0x010E	0x3080      	MOVLW      128
0x010F	0x0270      	SUBWF      R0, 0
0x0110	0x1D03      	BTFSS      STATUS, 2
0x0111	0x2914      	GOTO       L__capitalR93
0x0112	0x301C      	MOVLW      28
0x0113	0x0228      	SUBWF      FARG_capitalR_start, 0
L__capitalR93:
0x0114	0x1803      	BTFSC      STATUS, 0
0x0115	0x292E      	GOTO       L_capitalR10
;MyProject.c,148 :: 		PORTC = column[start];  //columns 7-13
0x0116	0x0828      	MOVF       FARG_capitalR_start, 0
0x0117	0x00F0      	MOVWF      R0
0x0118	0x0829      	MOVF       FARG_capitalR_start+1, 0
0x0119	0x00F1      	MOVWF      R0+1
0x011A	0x0DF0      	RLF        R0, 1
0x011B	0x0DF1      	RLF        R0+1, 1
0x011C	0x1070      	BCF        R0, 0
0x011D	0x30DD      	MOVLW      _column
0x011E	0x07F0      	ADDWF      R0, 1
0x011F	0x3005      	MOVLW      hi_addr(_column)
0x0120	0x1803      	BTFSC      STATUS, 0
0x0121	0x3E01      	ADDLW      1
0x0122	0x07F1      	ADDWF      R0+1, 1
0x0123	0x0870      	MOVF       R0, 0
0x0124	0x00A4      	MOVWF      ___DoICPAddr
0x0125	0x0871      	MOVF       R0+1, 0
0x0126	0x00A5      	MOVWF      ___DoICPAddr+1
0x0127	0x202E      	CALL       _____DoICP
0x0128	0x118A      	BCF        PCLATH, 3
0x0129	0x120A      	BCF        PCLATH, 4
0x012A	0x0087      	MOVWF      PORTC
;MyProject.c,149 :: 		PORTD |= 0b00100000;
0x012B	0x1688      	BSF        PORTD, 5
;MyProject.c,150 :: 		PORTA = 0x00;
0x012C	0x0185      	CLRF       PORTA
;MyProject.c,152 :: 		}
0x012D	0x2953      	GOTO       L_capitalR11
L_capitalR10:
;MyProject.c,153 :: 		else if (start < 29){
0x012E	0x3080      	MOVLW      128
0x012F	0x0629      	XORWF      FARG_capitalR_start+1, 0
0x0130	0x00F0      	MOVWF      R0
0x0131	0x3080      	MOVLW      128
0x0132	0x0270      	SUBWF      R0, 0
0x0133	0x1D03      	BTFSS      STATUS, 2
0x0134	0x2937      	GOTO       L__capitalR94
0x0135	0x301D      	MOVLW      29
0x0136	0x0228      	SUBWF      FARG_capitalR_start, 0
L__capitalR94:
0x0137	0x1803      	BTFSC      STATUS, 0
0x0138	0x2953      	GOTO       L_capitalR12
;MyProject.c,154 :: 		PORTA |= column[start];  //columns 14-28
0x0139	0x0828      	MOVF       FARG_capitalR_start, 0
0x013A	0x00F0      	MOVWF      R0
0x013B	0x0829      	MOVF       FARG_capitalR_start+1, 0
0x013C	0x00F1      	MOVWF      R0+1
0x013D	0x0DF0      	RLF        R0, 1
0x013E	0x0DF1      	RLF        R0+1, 1
0x013F	0x1070      	BCF        R0, 0
0x0140	0x30DD      	MOVLW      _column
0x0141	0x07F0      	ADDWF      R0, 1
0x0142	0x3005      	MOVLW      hi_addr(_column)
0x0143	0x1803      	BTFSC      STATUS, 0
0x0144	0x3E01      	ADDLW      1
0x0145	0x07F1      	ADDWF      R0+1, 1
0x0146	0x0870      	MOVF       R0, 0
0x0147	0x00A4      	MOVWF      ___DoICPAddr
0x0148	0x0871      	MOVF       R0+1, 0
0x0149	0x00A5      	MOVWF      ___DoICPAddr+1
0x014A	0x202E      	CALL       _____DoICP
0x014B	0x118A      	BCF        PCLATH, 3
0x014C	0x120A      	BCF        PCLATH, 4
0x014D	0x00F0      	MOVWF      R0
0x014E	0x0870      	MOVF       R0, 0
0x014F	0x0485      	IORWF      PORTA, 1
;MyProject.c,155 :: 		PORTC = 0x00;
0x0150	0x0187      	CLRF       PORTC
;MyProject.c,156 :: 		PORTD &= row9;
0x0151	0x3080      	MOVLW      128
0x0152	0x0588      	ANDWF      PORTD, 1
;MyProject.c,157 :: 		}
L_capitalR12:
L_capitalR11:
L_capitalR9:
;MyProject.c,158 :: 		start++;
0x0153	0x0AA8      	INCF       FARG_capitalR_start, 1
0x0154	0x1903      	BTFSC      STATUS, 2
0x0155	0x0AA9      	INCF       FARG_capitalR_start+1, 1
;MyProject.c,159 :: 		PORTB = characters[charNum][2];
0x0156	0x3018      	MOVLW      24
0x0157	0x00F0      	MOVWF      R0
0x0158	0x3000      	MOVLW      0
0x0159	0x00F1      	MOVWF      R0+1
0x015A	0x0826      	MOVF       FARG_capitalR_charNum, 0
0x015B	0x00F4      	MOVWF      R4
0x015C	0x0827      	MOVF       FARG_capitalR_charNum+1, 0
0x015D	0x00F5      	MOVWF      R4+1
0x015E	0x2003      	CALL       _Mul_16x16_U
0x015F	0x0870      	MOVF       R0, 0
0x0160	0x3E91      	ADDLW      _characters
0x0161	0x00F2      	MOVWF      R2
0x0162	0x3006      	MOVLW      hi_addr(_characters)
0x0163	0x1803      	BTFSC      STATUS, 0
0x0164	0x3E01      	ADDLW      1
0x0165	0x0771      	ADDWF      R0+1, 0
0x0166	0x00F3      	MOVWF      R2+1
0x0167	0x3004      	MOVLW      4
0x0168	0x0772      	ADDWF      R2, 0
0x0169	0x00F0      	MOVWF      R0
0x016A	0x0873      	MOVF       R2+1, 0
0x016B	0x1803      	BTFSC      STATUS, 0
0x016C	0x3E01      	ADDLW      1
0x016D	0x3E00      	ADDLW      0
0x016E	0x00F1      	MOVWF      R0+1
0x016F	0x0870      	MOVF       R0, 0
0x0170	0x00A4      	MOVWF      ___DoICPAddr
0x0171	0x0871      	MOVF       R0+1, 0
0x0172	0x00A5      	MOVWF      ___DoICPAddr+1
0x0173	0x202E      	CALL       _____DoICP
0x0174	0x118A      	BCF        PCLATH, 3
0x0175	0x120A      	BCF        PCLATH, 4
0x0176	0x0086      	MOVWF      PORTB
;MyProject.c,160 :: 		PORTD |= characters[charNum][3];
0x0177	0x3006      	MOVLW      6
0x0178	0x0772      	ADDWF      R2, 0
0x0179	0x00F0      	MOVWF      R0
0x017A	0x0873      	MOVF       R2+1, 0
0x017B	0x1803      	BTFSC      STATUS, 0
0x017C	0x3E01      	ADDLW      1
0x017D	0x3E00      	ADDLW      0
0x017E	0x00F1      	MOVWF      R0+1
0x017F	0x0870      	MOVF       R0, 0
0x0180	0x00A4      	MOVWF      ___DoICPAddr
0x0181	0x0871      	MOVF       R0+1, 0
0x0182	0x00A5      	MOVWF      ___DoICPAddr+1
0x0183	0x202E      	CALL       _____DoICP
0x0184	0x118A      	BCF        PCLATH, 3
0x0185	0x120A      	BCF        PCLATH, 4
0x0186	0x00F0      	MOVWF      R0
0x0187	0x0870      	MOVF       R0, 0
0x0188	0x0488      	IORWF      PORTD, 1
;MyProject.c,161 :: 		for(i=0; i<20; i++);  //homebrew delay
0x0189	0x01AA      	CLRF       capitalR_i_L0
0x018A	0x01AB      	CLRF       capitalR_i_L0+1
L_capitalR13:
0x018B	0x3080      	MOVLW      128
0x018C	0x062B      	XORWF      capitalR_i_L0+1, 0
0x018D	0x00F0      	MOVWF      R0
0x018E	0x3080      	MOVLW      128
0x018F	0x0270      	SUBWF      R0, 0
0x0190	0x1D03      	BTFSS      STATUS, 2
0x0191	0x2994      	GOTO       L__capitalR95
0x0192	0x3014      	MOVLW      20
0x0193	0x022A      	SUBWF      capitalR_i_L0, 0
L__capitalR95:
0x0194	0x1803      	BTFSC      STATUS, 0
0x0195	0x299A      	GOTO       L_capitalR14
0x0196	0x0AAA      	INCF       capitalR_i_L0, 1
0x0197	0x1903      	BTFSC      STATUS, 2
0x0198	0x0AAB      	INCF       capitalR_i_L0+1, 1
0x0199	0x298B      	GOTO       L_capitalR13
L_capitalR14:
;MyProject.c,162 :: 		PORTA = 0x00;
0x019A	0x0185      	CLRF       PORTA
;MyProject.c,163 :: 		PORTB = 0x00;
0x019B	0x0186      	CLRF       PORTB
;MyProject.c,164 :: 		PORTC = 0x00;
0x019C	0x0187      	CLRF       PORTC
;MyProject.c,165 :: 		PORTD = 0x00;
0x019D	0x0188      	CLRF       PORTD
;MyProject.c,166 :: 		PORTE = 0x00;
0x019E	0x0189      	CLRF       PORTE
;MyProject.c,172 :: 		if(start < 15){
0x019F	0x3080      	MOVLW      128
0x01A0	0x0629      	XORWF      FARG_capitalR_start+1, 0
0x01A1	0x00F0      	MOVWF      R0
0x01A2	0x3080      	MOVLW      128
0x01A3	0x0270      	SUBWF      R0, 0
0x01A4	0x1D03      	BTFSS      STATUS, 2
0x01A5	0x29A8      	GOTO       L__capitalR96
0x01A6	0x300F      	MOVLW      15
0x01A7	0x0228      	SUBWF      FARG_capitalR_start, 0
L__capitalR96:
0x01A8	0x1803      	BTFSC      STATUS, 0
0x01A9	0x29C2      	GOTO       L_capitalR16
;MyProject.c,173 :: 		PORTC = column[start];  //holds address of PORTD, columns 0-7
0x01AA	0x0828      	MOVF       FARG_capitalR_start, 0
0x01AB	0x00F0      	MOVWF      R0
0x01AC	0x0829      	MOVF       FARG_capitalR_start+1, 0
0x01AD	0x00F1      	MOVWF      R0+1
0x01AE	0x0DF0      	RLF        R0, 1
0x01AF	0x0DF1      	RLF        R0+1, 1
0x01B0	0x1070      	BCF        R0, 0
0x01B1	0x30DD      	MOVLW      _column
0x01B2	0x07F0      	ADDWF      R0, 1
0x01B3	0x3005      	MOVLW      hi_addr(_column)
0x01B4	0x1803      	BTFSC      STATUS, 0
0x01B5	0x3E01      	ADDLW      1
0x01B6	0x07F1      	ADDWF      R0+1, 1
0x01B7	0x0870      	MOVF       R0, 0
0x01B8	0x00A4      	MOVWF      ___DoICPAddr
0x01B9	0x0871      	MOVF       R0+1, 0
0x01BA	0x00A5      	MOVWF      ___DoICPAddr+1
0x01BB	0x202E      	CALL       _____DoICP
0x01BC	0x118A      	BCF        PCLATH, 3
0x01BD	0x120A      	BCF        PCLATH, 4
0x01BE	0x0087      	MOVWF      PORTC
;MyProject.c,174 :: 		PORTD |= 0b01000000;   //control line for DMUX 1
0x01BF	0x1708      	BSF        PORTD, 6
;MyProject.c,175 :: 		PORTA = 0x00;
0x01C0	0x0185      	CLRF       PORTA
;MyProject.c,177 :: 		}
0x01C1	0x2A09      	GOTO       L_capitalR17
L_capitalR16:
;MyProject.c,178 :: 		else if (start < 28){
0x01C2	0x3080      	MOVLW      128
0x01C3	0x0629      	XORWF      FARG_capitalR_start+1, 0
0x01C4	0x00F0      	MOVWF      R0
0x01C5	0x3080      	MOVLW      128
0x01C6	0x0270      	SUBWF      R0, 0
0x01C7	0x1D03      	BTFSS      STATUS, 2
0x01C8	0x29CB      	GOTO       L__capitalR97
0x01C9	0x301C      	MOVLW      28
0x01CA	0x0228      	SUBWF      FARG_capitalR_start, 0
L__capitalR97:
0x01CB	0x1803      	BTFSC      STATUS, 0
0x01CC	0x29E5      	GOTO       L_capitalR18
;MyProject.c,179 :: 		PORTC = column[start];  //columns 7-13
0x01CD	0x0828      	MOVF       FARG_capitalR_start, 0
0x01CE	0x00F0      	MOVWF      R0
0x01CF	0x0829      	MOVF       FARG_capitalR_start+1, 0
0x01D0	0x00F1      	MOVWF      R0+1
0x01D1	0x0DF0      	RLF        R0, 1
0x01D2	0x0DF1      	RLF        R0+1, 1
0x01D3	0x1070      	BCF        R0, 0
0x01D4	0x30DD      	MOVLW      _column
0x01D5	0x07F0      	ADDWF      R0, 1
0x01D6	0x3005      	MOVLW      hi_addr(_column)
0x01D7	0x1803      	BTFSC      STATUS, 0
0x01D8	0x3E01      	ADDLW      1
0x01D9	0x07F1      	ADDWF      R0+1, 1
0x01DA	0x0870      	MOVF       R0, 0
0x01DB	0x00A4      	MOVWF      ___DoICPAddr
0x01DC	0x0871      	MOVF       R0+1, 0
0x01DD	0x00A5      	MOVWF      ___DoICPAddr+1
0x01DE	0x202E      	CALL       _____DoICP
0x01DF	0x118A      	BCF        PCLATH, 3
0x01E0	0x120A      	BCF        PCLATH, 4
0x01E1	0x0087      	MOVWF      PORTC
;MyProject.c,180 :: 		PORTD |= 0b00100000;
0x01E2	0x1688      	BSF        PORTD, 5
;MyProject.c,181 :: 		PORTA = 0x00;
0x01E3	0x0185      	CLRF       PORTA
;MyProject.c,183 :: 		}
0x01E4	0x2A09      	GOTO       L_capitalR19
L_capitalR18:
;MyProject.c,184 :: 		else if (start < 29){
0x01E5	0x3080      	MOVLW      128
0x01E6	0x0629      	XORWF      FARG_capitalR_start+1, 0
0x01E7	0x00F0      	MOVWF      R0
0x01E8	0x3080      	MOVLW      128
0x01E9	0x0270      	SUBWF      R0, 0
0x01EA	0x1D03      	BTFSS      STATUS, 2
0x01EB	0x29EE      	GOTO       L__capitalR98
0x01EC	0x301D      	MOVLW      29
0x01ED	0x0228      	SUBWF      FARG_capitalR_start, 0
L__capitalR98:
0x01EE	0x1803      	BTFSC      STATUS, 0
0x01EF	0x2A09      	GOTO       L_capitalR20
;MyProject.c,185 :: 		PORTA |= column[start];  //columns 14-28
0x01F0	0x0828      	MOVF       FARG_capitalR_start, 0
0x01F1	0x00F0      	MOVWF      R0
0x01F2	0x0829      	MOVF       FARG_capitalR_start+1, 0
0x01F3	0x00F1      	MOVWF      R0+1
0x01F4	0x0DF0      	RLF        R0, 1
0x01F5	0x0DF1      	RLF        R0+1, 1
0x01F6	0x1070      	BCF        R0, 0
0x01F7	0x30DD      	MOVLW      _column
0x01F8	0x07F0      	ADDWF      R0, 1
0x01F9	0x3005      	MOVLW      hi_addr(_column)
0x01FA	0x1803      	BTFSC      STATUS, 0
0x01FB	0x3E01      	ADDLW      1
0x01FC	0x07F1      	ADDWF      R0+1, 1
0x01FD	0x0870      	MOVF       R0, 0
0x01FE	0x00A4      	MOVWF      ___DoICPAddr
0x01FF	0x0871      	MOVF       R0+1, 0
0x0200	0x00A5      	MOVWF      ___DoICPAddr+1
0x0201	0x202E      	CALL       _____DoICP
0x0202	0x118A      	BCF        PCLATH, 3
0x0203	0x120A      	BCF        PCLATH, 4
0x0204	0x00F0      	MOVWF      R0
0x0205	0x0870      	MOVF       R0, 0
0x0206	0x0485      	IORWF      PORTA, 1
;MyProject.c,186 :: 		PORTC = 0x00;
0x0207	0x0187      	CLRF       PORTC
;MyProject.c,187 :: 		PORTD = 0x00;
0x0208	0x0188      	CLRF       PORTD
;MyProject.c,188 :: 		}
L_capitalR20:
L_capitalR19:
L_capitalR17:
;MyProject.c,189 :: 		start++;
0x0209	0x0AA8      	INCF       FARG_capitalR_start, 1
0x020A	0x1903      	BTFSC      STATUS, 2
0x020B	0x0AA9      	INCF       FARG_capitalR_start+1, 1
;MyProject.c,190 :: 		PORTB = characters[charNum][4];
0x020C	0x3018      	MOVLW      24
0x020D	0x00F0      	MOVWF      R0
0x020E	0x3000      	MOVLW      0
0x020F	0x00F1      	MOVWF      R0+1
0x0210	0x0826      	MOVF       FARG_capitalR_charNum, 0
0x0211	0x00F4      	MOVWF      R4
0x0212	0x0827      	MOVF       FARG_capitalR_charNum+1, 0
0x0213	0x00F5      	MOVWF      R4+1
0x0214	0x2003      	CALL       _Mul_16x16_U
0x0215	0x0870      	MOVF       R0, 0
0x0216	0x3E91      	ADDLW      _characters
0x0217	0x00F2      	MOVWF      R2
0x0218	0x3006      	MOVLW      hi_addr(_characters)
0x0219	0x1803      	BTFSC      STATUS, 0
0x021A	0x3E01      	ADDLW      1
0x021B	0x0771      	ADDWF      R0+1, 0
0x021C	0x00F3      	MOVWF      R2+1
0x021D	0x3008      	MOVLW      8
0x021E	0x0772      	ADDWF      R2, 0
0x021F	0x00F0      	MOVWF      R0
0x0220	0x0873      	MOVF       R2+1, 0
0x0221	0x1803      	BTFSC      STATUS, 0
0x0222	0x3E01      	ADDLW      1
0x0223	0x3E00      	ADDLW      0
0x0224	0x00F1      	MOVWF      R0+1
0x0225	0x0870      	MOVF       R0, 0
0x0226	0x00A4      	MOVWF      ___DoICPAddr
0x0227	0x0871      	MOVF       R0+1, 0
0x0228	0x00A5      	MOVWF      ___DoICPAddr+1
0x0229	0x202E      	CALL       _____DoICP
0x022A	0x118A      	BCF        PCLATH, 3
0x022B	0x120A      	BCF        PCLATH, 4
0x022C	0x0086      	MOVWF      PORTB
;MyProject.c,191 :: 		PORTD |= characters[charNum][5];
0x022D	0x300A      	MOVLW      10
0x022E	0x0772      	ADDWF      R2, 0
0x022F	0x00F0      	MOVWF      R0
0x0230	0x0873      	MOVF       R2+1, 0
0x0231	0x1803      	BTFSC      STATUS, 0
0x0232	0x3E01      	ADDLW      1
0x0233	0x3E00      	ADDLW      0
0x0234	0x00F1      	MOVWF      R0+1
0x0235	0x0870      	MOVF       R0, 0
0x0236	0x00A4      	MOVWF      ___DoICPAddr
0x0237	0x0871      	MOVF       R0+1, 0
0x0238	0x00A5      	MOVWF      ___DoICPAddr+1
0x0239	0x202E      	CALL       _____DoICP
0x023A	0x118A      	BCF        PCLATH, 3
0x023B	0x120A      	BCF        PCLATH, 4
0x023C	0x00F0      	MOVWF      R0
0x023D	0x0870      	MOVF       R0, 0
0x023E	0x0488      	IORWF      PORTD, 1
;MyProject.c,192 :: 		for(i=0; i<20; i++);  //homebrew delay
0x023F	0x01AA      	CLRF       capitalR_i_L0
0x0240	0x01AB      	CLRF       capitalR_i_L0+1
L_capitalR21:
0x0241	0x3080      	MOVLW      128
0x0242	0x062B      	XORWF      capitalR_i_L0+1, 0
0x0243	0x00F0      	MOVWF      R0
0x0244	0x3080      	MOVLW      128
0x0245	0x0270      	SUBWF      R0, 0
0x0246	0x1D03      	BTFSS      STATUS, 2
0x0247	0x2A4A      	GOTO       L__capitalR99
0x0248	0x3014      	MOVLW      20
0x0249	0x022A      	SUBWF      capitalR_i_L0, 0
L__capitalR99:
0x024A	0x1803      	BTFSC      STATUS, 0
0x024B	0x2A50      	GOTO       L_capitalR22
0x024C	0x0AAA      	INCF       capitalR_i_L0, 1
0x024D	0x1903      	BTFSC      STATUS, 2
0x024E	0x0AAB      	INCF       capitalR_i_L0+1, 1
0x024F	0x2A41      	GOTO       L_capitalR21
L_capitalR22:
;MyProject.c,193 :: 		PORTA = 0x00;
0x0250	0x0185      	CLRF       PORTA
;MyProject.c,194 :: 		PORTB = 0x00;
0x0251	0x0186      	CLRF       PORTB
;MyProject.c,195 :: 		PORTC = 0x00;
0x0252	0x0187      	CLRF       PORTC
;MyProject.c,196 :: 		PORTD = 0X00;
0x0253	0x0188      	CLRF       PORTD
;MyProject.c,197 :: 		PORTE = 0x00;
0x0254	0x0189      	CLRF       PORTE
;MyProject.c,201 :: 		if(start < 15){
0x0255	0x3080      	MOVLW      128
0x0256	0x0629      	XORWF      FARG_capitalR_start+1, 0
0x0257	0x00F0      	MOVWF      R0
0x0258	0x3080      	MOVLW      128
0x0259	0x0270      	SUBWF      R0, 0
0x025A	0x1D03      	BTFSS      STATUS, 2
0x025B	0x2A5E      	GOTO       L__capitalR100
0x025C	0x300F      	MOVLW      15
0x025D	0x0228      	SUBWF      FARG_capitalR_start, 0
L__capitalR100:
0x025E	0x1803      	BTFSC      STATUS, 0
0x025F	0x2A78      	GOTO       L_capitalR24
;MyProject.c,202 :: 		PORTC = column[start];  //holds address of PORTD, columns 0-7
0x0260	0x0828      	MOVF       FARG_capitalR_start, 0
0x0261	0x00F0      	MOVWF      R0
0x0262	0x0829      	MOVF       FARG_capitalR_start+1, 0
0x0263	0x00F1      	MOVWF      R0+1
0x0264	0x0DF0      	RLF        R0, 1
0x0265	0x0DF1      	RLF        R0+1, 1
0x0266	0x1070      	BCF        R0, 0
0x0267	0x30DD      	MOVLW      _column
0x0268	0x07F0      	ADDWF      R0, 1
0x0269	0x3005      	MOVLW      hi_addr(_column)
0x026A	0x1803      	BTFSC      STATUS, 0
0x026B	0x3E01      	ADDLW      1
0x026C	0x07F1      	ADDWF      R0+1, 1
0x026D	0x0870      	MOVF       R0, 0
0x026E	0x00A4      	MOVWF      ___DoICPAddr
0x026F	0x0871      	MOVF       R0+1, 0
0x0270	0x00A5      	MOVWF      ___DoICPAddr+1
0x0271	0x202E      	CALL       _____DoICP
0x0272	0x118A      	BCF        PCLATH, 3
0x0273	0x120A      	BCF        PCLATH, 4
0x0274	0x0087      	MOVWF      PORTC
;MyProject.c,203 :: 		PORTD |= 0b01000000;   //control line for DMUX 1
0x0275	0x1708      	BSF        PORTD, 6
;MyProject.c,204 :: 		PORTA = 0x00;
0x0276	0x0185      	CLRF       PORTA
;MyProject.c,206 :: 		}
0x0277	0x2AC0      	GOTO       L_capitalR25
L_capitalR24:
;MyProject.c,207 :: 		else if (start < 28){
0x0278	0x3080      	MOVLW      128
0x0279	0x0629      	XORWF      FARG_capitalR_start+1, 0
0x027A	0x00F0      	MOVWF      R0
0x027B	0x3080      	MOVLW      128
0x027C	0x0270      	SUBWF      R0, 0
0x027D	0x1D03      	BTFSS      STATUS, 2
0x027E	0x2A81      	GOTO       L__capitalR101
0x027F	0x301C      	MOVLW      28
0x0280	0x0228      	SUBWF      FARG_capitalR_start, 0
L__capitalR101:
0x0281	0x1803      	BTFSC      STATUS, 0
0x0282	0x2A9B      	GOTO       L_capitalR26
;MyProject.c,208 :: 		PORTC = column[start];  //columns 7-13
0x0283	0x0828      	MOVF       FARG_capitalR_start, 0
0x0284	0x00F0      	MOVWF      R0
0x0285	0x0829      	MOVF       FARG_capitalR_start+1, 0
0x0286	0x00F1      	MOVWF      R0+1
0x0287	0x0DF0      	RLF        R0, 1
0x0288	0x0DF1      	RLF        R0+1, 1
0x0289	0x1070      	BCF        R0, 0
0x028A	0x30DD      	MOVLW      _column
0x028B	0x07F0      	ADDWF      R0, 1
0x028C	0x3005      	MOVLW      hi_addr(_column)
0x028D	0x1803      	BTFSC      STATUS, 0
0x028E	0x3E01      	ADDLW      1
0x028F	0x07F1      	ADDWF      R0+1, 1
0x0290	0x0870      	MOVF       R0, 0
0x0291	0x00A4      	MOVWF      ___DoICPAddr
0x0292	0x0871      	MOVF       R0+1, 0
0x0293	0x00A5      	MOVWF      ___DoICPAddr+1
0x0294	0x202E      	CALL       _____DoICP
0x0295	0x118A      	BCF        PCLATH, 3
0x0296	0x120A      	BCF        PCLATH, 4
0x0297	0x0087      	MOVWF      PORTC
;MyProject.c,209 :: 		PORTD |= 0b00100000;
0x0298	0x1688      	BSF        PORTD, 5
;MyProject.c,210 :: 		PORTA = 0x00;
0x0299	0x0185      	CLRF       PORTA
;MyProject.c,212 :: 		}
0x029A	0x2AC0      	GOTO       L_capitalR27
L_capitalR26:
;MyProject.c,213 :: 		else if (start < 29){
0x029B	0x3080      	MOVLW      128
0x029C	0x0629      	XORWF      FARG_capitalR_start+1, 0
0x029D	0x00F0      	MOVWF      R0
0x029E	0x3080      	MOVLW      128
0x029F	0x0270      	SUBWF      R0, 0
0x02A0	0x1D03      	BTFSS      STATUS, 2
0x02A1	0x2AA4      	GOTO       L__capitalR102
0x02A2	0x301D      	MOVLW      29
0x02A3	0x0228      	SUBWF      FARG_capitalR_start, 0
L__capitalR102:
0x02A4	0x1803      	BTFSC      STATUS, 0
0x02A5	0x2AC0      	GOTO       L_capitalR28
;MyProject.c,214 :: 		PORTA |= column[start];  //columns 14-28
0x02A6	0x0828      	MOVF       FARG_capitalR_start, 0
0x02A7	0x00F0      	MOVWF      R0
0x02A8	0x0829      	MOVF       FARG_capitalR_start+1, 0
0x02A9	0x00F1      	MOVWF      R0+1
0x02AA	0x0DF0      	RLF        R0, 1
0x02AB	0x0DF1      	RLF        R0+1, 1
0x02AC	0x1070      	BCF        R0, 0
0x02AD	0x30DD      	MOVLW      _column
0x02AE	0x07F0      	ADDWF      R0, 1
0x02AF	0x3005      	MOVLW      hi_addr(_column)
0x02B0	0x1803      	BTFSC      STATUS, 0
0x02B1	0x3E01      	ADDLW      1
0x02B2	0x07F1      	ADDWF      R0+1, 1
0x02B3	0x0870      	MOVF       R0, 0
0x02B4	0x00A4      	MOVWF      ___DoICPAddr
0x02B5	0x0871      	MOVF       R0+1, 0
0x02B6	0x00A5      	MOVWF      ___DoICPAddr+1
0x02B7	0x202E      	CALL       _____DoICP
0x02B8	0x118A      	BCF        PCLATH, 3
0x02B9	0x120A      	BCF        PCLATH, 4
0x02BA	0x00F0      	MOVWF      R0
0x02BB	0x0870      	MOVF       R0, 0
0x02BC	0x0485      	IORWF      PORTA, 1
;MyProject.c,215 :: 		PORTC = 0x00;
0x02BD	0x0187      	CLRF       PORTC
;MyProject.c,216 :: 		PORTD &= row9;
0x02BE	0x3080      	MOVLW      128
0x02BF	0x0588      	ANDWF      PORTD, 1
;MyProject.c,217 :: 		}
L_capitalR28:
L_capitalR27:
L_capitalR25:
;MyProject.c,218 :: 		start++;
0x02C0	0x0AA8      	INCF       FARG_capitalR_start, 1
0x02C1	0x1903      	BTFSC      STATUS, 2
0x02C2	0x0AA9      	INCF       FARG_capitalR_start+1, 1
;MyProject.c,219 :: 		PORTB = characters[charNum][6];
0x02C3	0x3018      	MOVLW      24
0x02C4	0x00F0      	MOVWF      R0
0x02C5	0x3000      	MOVLW      0
0x02C6	0x00F1      	MOVWF      R0+1
0x02C7	0x0826      	MOVF       FARG_capitalR_charNum, 0
0x02C8	0x00F4      	MOVWF      R4
0x02C9	0x0827      	MOVF       FARG_capitalR_charNum+1, 0
0x02CA	0x00F5      	MOVWF      R4+1
0x02CB	0x2003      	CALL       _Mul_16x16_U
0x02CC	0x0870      	MOVF       R0, 0
0x02CD	0x3E91      	ADDLW      _characters
0x02CE	0x00F2      	MOVWF      R2
0x02CF	0x3006      	MOVLW      hi_addr(_characters)
0x02D0	0x1803      	BTFSC      STATUS, 0
0x02D1	0x3E01      	ADDLW      1
0x02D2	0x0771      	ADDWF      R0+1, 0
0x02D3	0x00F3      	MOVWF      R2+1
0x02D4	0x300C      	MOVLW      12
0x02D5	0x0772      	ADDWF      R2, 0
0x02D6	0x00F0      	MOVWF      R0
0x02D7	0x0873      	MOVF       R2+1, 0
0x02D8	0x1803      	BTFSC      STATUS, 0
0x02D9	0x3E01      	ADDLW      1
0x02DA	0x3E00      	ADDLW      0
0x02DB	0x00F1      	MOVWF      R0+1
0x02DC	0x0870      	MOVF       R0, 0
0x02DD	0x00A4      	MOVWF      ___DoICPAddr
0x02DE	0x0871      	MOVF       R0+1, 0
0x02DF	0x00A5      	MOVWF      ___DoICPAddr+1
0x02E0	0x202E      	CALL       _____DoICP
0x02E1	0x118A      	BCF        PCLATH, 3
0x02E2	0x120A      	BCF        PCLATH, 4
0x02E3	0x0086      	MOVWF      PORTB
;MyProject.c,220 :: 		PORTD |= characters[charNum][7];
0x02E4	0x300E      	MOVLW      14
0x02E5	0x0772      	ADDWF      R2, 0
0x02E6	0x00F0      	MOVWF      R0
0x02E7	0x0873      	MOVF       R2+1, 0
0x02E8	0x1803      	BTFSC      STATUS, 0
0x02E9	0x3E01      	ADDLW      1
0x02EA	0x3E00      	ADDLW      0
0x02EB	0x00F1      	MOVWF      R0+1
0x02EC	0x0870      	MOVF       R0, 0
0x02ED	0x00A4      	MOVWF      ___DoICPAddr
0x02EE	0x0871      	MOVF       R0+1, 0
0x02EF	0x00A5      	MOVWF      ___DoICPAddr+1
0x02F0	0x202E      	CALL       _____DoICP
0x02F1	0x118A      	BCF        PCLATH, 3
0x02F2	0x120A      	BCF        PCLATH, 4
0x02F3	0x00F0      	MOVWF      R0
0x02F4	0x0870      	MOVF       R0, 0
0x02F5	0x0488      	IORWF      PORTD, 1
;MyProject.c,221 :: 		for(i=0; i<20; i++);  //homebrew delay
0x02F6	0x01AA      	CLRF       capitalR_i_L0
0x02F7	0x01AB      	CLRF       capitalR_i_L0+1
L_capitalR29:
0x02F8	0x3080      	MOVLW      128
0x02F9	0x062B      	XORWF      capitalR_i_L0+1, 0
0x02FA	0x00F0      	MOVWF      R0
0x02FB	0x3080      	MOVLW      128
0x02FC	0x0270      	SUBWF      R0, 0
0x02FD	0x1D03      	BTFSS      STATUS, 2
0x02FE	0x2B01      	GOTO       L__capitalR103
0x02FF	0x3014      	MOVLW      20
0x0300	0x022A      	SUBWF      capitalR_i_L0, 0
L__capitalR103:
0x0301	0x1803      	BTFSC      STATUS, 0
0x0302	0x2B07      	GOTO       L_capitalR30
0x0303	0x0AAA      	INCF       capitalR_i_L0, 1
0x0304	0x1903      	BTFSC      STATUS, 2
0x0305	0x0AAB      	INCF       capitalR_i_L0+1, 1
0x0306	0x2AF8      	GOTO       L_capitalR29
L_capitalR30:
;MyProject.c,222 :: 		PORTA = 0x00;
0x0307	0x0185      	CLRF       PORTA
;MyProject.c,223 :: 		PORTB = 0x00;
0x0308	0x0186      	CLRF       PORTB
;MyProject.c,224 :: 		PORTC = 0x00;
0x0309	0x0187      	CLRF       PORTC
;MyProject.c,225 :: 		PORTD = 0x00;
0x030A	0x0188      	CLRF       PORTD
;MyProject.c,226 :: 		PORTE = 0x00;
0x030B	0x0189      	CLRF       PORTE
;MyProject.c,231 :: 		if(start < 15){
0x030C	0x3080      	MOVLW      128
0x030D	0x0629      	XORWF      FARG_capitalR_start+1, 0
0x030E	0x00F0      	MOVWF      R0
0x030F	0x3080      	MOVLW      128
0x0310	0x0270      	SUBWF      R0, 0
0x0311	0x1D03      	BTFSS      STATUS, 2
0x0312	0x2B15      	GOTO       L__capitalR104
0x0313	0x300F      	MOVLW      15
0x0314	0x0228      	SUBWF      FARG_capitalR_start, 0
L__capitalR104:
0x0315	0x1803      	BTFSC      STATUS, 0
0x0316	0x2B2F      	GOTO       L_capitalR32
;MyProject.c,232 :: 		PORTC = column[start];  //holds address of PORTD, columns 0-7
0x0317	0x0828      	MOVF       FARG_capitalR_start, 0
0x0318	0x00F0      	MOVWF      R0
0x0319	0x0829      	MOVF       FARG_capitalR_start+1, 0
0x031A	0x00F1      	MOVWF      R0+1
0x031B	0x0DF0      	RLF        R0, 1
0x031C	0x0DF1      	RLF        R0+1, 1
0x031D	0x1070      	BCF        R0, 0
0x031E	0x30DD      	MOVLW      _column
0x031F	0x07F0      	ADDWF      R0, 1
0x0320	0x3005      	MOVLW      hi_addr(_column)
0x0321	0x1803      	BTFSC      STATUS, 0
0x0322	0x3E01      	ADDLW      1
0x0323	0x07F1      	ADDWF      R0+1, 1
0x0324	0x0870      	MOVF       R0, 0
0x0325	0x00A4      	MOVWF      ___DoICPAddr
0x0326	0x0871      	MOVF       R0+1, 0
0x0327	0x00A5      	MOVWF      ___DoICPAddr+1
0x0328	0x202E      	CALL       _____DoICP
0x0329	0x118A      	BCF        PCLATH, 3
0x032A	0x120A      	BCF        PCLATH, 4
0x032B	0x0087      	MOVWF      PORTC
;MyProject.c,233 :: 		PORTD |= 0b01000000;   //control line for DMUX 1
0x032C	0x1708      	BSF        PORTD, 6
;MyProject.c,234 :: 		PORTA = 0x00;
0x032D	0x0185      	CLRF       PORTA
;MyProject.c,236 :: 		}
0x032E	0x2B77      	GOTO       L_capitalR33
L_capitalR32:
;MyProject.c,237 :: 		else if (start < 28){
0x032F	0x3080      	MOVLW      128
0x0330	0x0629      	XORWF      FARG_capitalR_start+1, 0
0x0331	0x00F0      	MOVWF      R0
0x0332	0x3080      	MOVLW      128
0x0333	0x0270      	SUBWF      R0, 0
0x0334	0x1D03      	BTFSS      STATUS, 2
0x0335	0x2B38      	GOTO       L__capitalR105
0x0336	0x301C      	MOVLW      28
0x0337	0x0228      	SUBWF      FARG_capitalR_start, 0
L__capitalR105:
0x0338	0x1803      	BTFSC      STATUS, 0
0x0339	0x2B52      	GOTO       L_capitalR34
;MyProject.c,238 :: 		PORTC = column[start];  //columns 7-13
0x033A	0x0828      	MOVF       FARG_capitalR_start, 0
0x033B	0x00F0      	MOVWF      R0
0x033C	0x0829      	MOVF       FARG_capitalR_start+1, 0
0x033D	0x00F1      	MOVWF      R0+1
0x033E	0x0DF0      	RLF        R0, 1
0x033F	0x0DF1      	RLF        R0+1, 1
0x0340	0x1070      	BCF        R0, 0
0x0341	0x30DD      	MOVLW      _column
0x0342	0x07F0      	ADDWF      R0, 1
0x0343	0x3005      	MOVLW      hi_addr(_column)
0x0344	0x1803      	BTFSC      STATUS, 0
0x0345	0x3E01      	ADDLW      1
0x0346	0x07F1      	ADDWF      R0+1, 1
0x0347	0x0870      	MOVF       R0, 0
0x0348	0x00A4      	MOVWF      ___DoICPAddr
0x0349	0x0871      	MOVF       R0+1, 0
0x034A	0x00A5      	MOVWF      ___DoICPAddr+1
0x034B	0x202E      	CALL       _____DoICP
0x034C	0x118A      	BCF        PCLATH, 3
0x034D	0x120A      	BCF        PCLATH, 4
0x034E	0x0087      	MOVWF      PORTC
;MyProject.c,239 :: 		PORTD |= 0b00100000;
0x034F	0x1688      	BSF        PORTD, 5
;MyProject.c,240 :: 		PORTA = 0x00;
0x0350	0x0185      	CLRF       PORTA
;MyProject.c,242 :: 		}
0x0351	0x2B77      	GOTO       L_capitalR35
L_capitalR34:
;MyProject.c,243 :: 		else if (start < 29){
0x0352	0x3080      	MOVLW      128
0x0353	0x0629      	XORWF      FARG_capitalR_start+1, 0
0x0354	0x00F0      	MOVWF      R0
0x0355	0x3080      	MOVLW      128
0x0356	0x0270      	SUBWF      R0, 0
0x0357	0x1D03      	BTFSS      STATUS, 2
0x0358	0x2B5B      	GOTO       L__capitalR106
0x0359	0x301D      	MOVLW      29
0x035A	0x0228      	SUBWF      FARG_capitalR_start, 0
L__capitalR106:
0x035B	0x1803      	BTFSC      STATUS, 0
0x035C	0x2B77      	GOTO       L_capitalR36
;MyProject.c,244 :: 		PORTA |= column[start];  //columns 14-28
0x035D	0x0828      	MOVF       FARG_capitalR_start, 0
0x035E	0x00F0      	MOVWF      R0
0x035F	0x0829      	MOVF       FARG_capitalR_start+1, 0
0x0360	0x00F1      	MOVWF      R0+1
0x0361	0x0DF0      	RLF        R0, 1
0x0362	0x0DF1      	RLF        R0+1, 1
0x0363	0x1070      	BCF        R0, 0
0x0364	0x30DD      	MOVLW      _column
0x0365	0x07F0      	ADDWF      R0, 1
0x0366	0x3005      	MOVLW      hi_addr(_column)
0x0367	0x1803      	BTFSC      STATUS, 0
0x0368	0x3E01      	ADDLW      1
0x0369	0x07F1      	ADDWF      R0+1, 1
0x036A	0x0870      	MOVF       R0, 0
0x036B	0x00A4      	MOVWF      ___DoICPAddr
0x036C	0x0871      	MOVF       R0+1, 0
0x036D	0x00A5      	MOVWF      ___DoICPAddr+1
0x036E	0x202E      	CALL       _____DoICP
0x036F	0x118A      	BCF        PCLATH, 3
0x0370	0x120A      	BCF        PCLATH, 4
0x0371	0x00F0      	MOVWF      R0
0x0372	0x0870      	MOVF       R0, 0
0x0373	0x0485      	IORWF      PORTA, 1
;MyProject.c,245 :: 		PORTC = 0x00;
0x0374	0x0187      	CLRF       PORTC
;MyProject.c,246 :: 		PORTD &= row9;
0x0375	0x3080      	MOVLW      128
0x0376	0x0588      	ANDWF      PORTD, 1
;MyProject.c,247 :: 		}
L_capitalR36:
L_capitalR35:
L_capitalR33:
;MyProject.c,248 :: 		start++;
0x0377	0x0AA8      	INCF       FARG_capitalR_start, 1
0x0378	0x1903      	BTFSC      STATUS, 2
0x0379	0x0AA9      	INCF       FARG_capitalR_start+1, 1
;MyProject.c,249 :: 		PORTB = characters[charNum][8];
0x037A	0x3018      	MOVLW      24
0x037B	0x00F0      	MOVWF      R0
0x037C	0x3000      	MOVLW      0
0x037D	0x00F1      	MOVWF      R0+1
0x037E	0x0826      	MOVF       FARG_capitalR_charNum, 0
0x037F	0x00F4      	MOVWF      R4
0x0380	0x0827      	MOVF       FARG_capitalR_charNum+1, 0
0x0381	0x00F5      	MOVWF      R4+1
0x0382	0x2003      	CALL       _Mul_16x16_U
0x0383	0x0870      	MOVF       R0, 0
0x0384	0x3E91      	ADDLW      _characters
0x0385	0x00F2      	MOVWF      R2
0x0386	0x3006      	MOVLW      hi_addr(_characters)
0x0387	0x1803      	BTFSC      STATUS, 0
0x0388	0x3E01      	ADDLW      1
0x0389	0x0771      	ADDWF      R0+1, 0
0x038A	0x00F3      	MOVWF      R2+1
0x038B	0x3010      	MOVLW      16
0x038C	0x0772      	ADDWF      R2, 0
0x038D	0x00F0      	MOVWF      R0
0x038E	0x0873      	MOVF       R2+1, 0
0x038F	0x1803      	BTFSC      STATUS, 0
0x0390	0x3E01      	ADDLW      1
0x0391	0x3E00      	ADDLW      0
0x0392	0x00F1      	MOVWF      R0+1
0x0393	0x0870      	MOVF       R0, 0
0x0394	0x00A4      	MOVWF      ___DoICPAddr
0x0395	0x0871      	MOVF       R0+1, 0
0x0396	0x00A5      	MOVWF      ___DoICPAddr+1
0x0397	0x202E      	CALL       _____DoICP
0x0398	0x118A      	BCF        PCLATH, 3
0x0399	0x120A      	BCF        PCLATH, 4
0x039A	0x0086      	MOVWF      PORTB
;MyProject.c,250 :: 		PORTD |= characters[charNum][9];
0x039B	0x3012      	MOVLW      18
0x039C	0x0772      	ADDWF      R2, 0
0x039D	0x00F0      	MOVWF      R0
0x039E	0x0873      	MOVF       R2+1, 0
0x039F	0x1803      	BTFSC      STATUS, 0
0x03A0	0x3E01      	ADDLW      1
0x03A1	0x3E00      	ADDLW      0
0x03A2	0x00F1      	MOVWF      R0+1
0x03A3	0x0870      	MOVF       R0, 0
0x03A4	0x00A4      	MOVWF      ___DoICPAddr
0x03A5	0x0871      	MOVF       R0+1, 0
0x03A6	0x00A5      	MOVWF      ___DoICPAddr+1
0x03A7	0x202E      	CALL       _____DoICP
0x03A8	0x118A      	BCF        PCLATH, 3
0x03A9	0x120A      	BCF        PCLATH, 4
0x03AA	0x00F0      	MOVWF      R0
0x03AB	0x0870      	MOVF       R0, 0
0x03AC	0x0488      	IORWF      PORTD, 1
;MyProject.c,251 :: 		for(i=0; i<20; i++);  //homebrew delay
0x03AD	0x01AA      	CLRF       capitalR_i_L0
0x03AE	0x01AB      	CLRF       capitalR_i_L0+1
L_capitalR37:
0x03AF	0x3080      	MOVLW      128
0x03B0	0x062B      	XORWF      capitalR_i_L0+1, 0
0x03B1	0x00F0      	MOVWF      R0
0x03B2	0x3080      	MOVLW      128
0x03B3	0x0270      	SUBWF      R0, 0
0x03B4	0x1D03      	BTFSS      STATUS, 2
0x03B5	0x2BB8      	GOTO       L__capitalR107
0x03B6	0x3014      	MOVLW      20
0x03B7	0x022A      	SUBWF      capitalR_i_L0, 0
L__capitalR107:
0x03B8	0x1803      	BTFSC      STATUS, 0
0x03B9	0x2BBE      	GOTO       L_capitalR38
0x03BA	0x0AAA      	INCF       capitalR_i_L0, 1
0x03BB	0x1903      	BTFSC      STATUS, 2
0x03BC	0x0AAB      	INCF       capitalR_i_L0+1, 1
0x03BD	0x2BAF      	GOTO       L_capitalR37
L_capitalR38:
;MyProject.c,252 :: 		PORTA = 0x00;
0x03BE	0x0185      	CLRF       PORTA
;MyProject.c,253 :: 		PORTB = 0x00;
0x03BF	0x0186      	CLRF       PORTB
;MyProject.c,254 :: 		PORTC = 0x00;
0x03C0	0x0187      	CLRF       PORTC
;MyProject.c,255 :: 		PORTD = 0x00;
0x03C1	0x0188      	CLRF       PORTD
;MyProject.c,256 :: 		PORTE = 0x00;
0x03C2	0x0189      	CLRF       PORTE
;MyProject.c,261 :: 		if(start < 15){
0x03C3	0x3080      	MOVLW      128
0x03C4	0x0629      	XORWF      FARG_capitalR_start+1, 0
0x03C5	0x00F0      	MOVWF      R0
0x03C6	0x3080      	MOVLW      128
0x03C7	0x0270      	SUBWF      R0, 0
0x03C8	0x1D03      	BTFSS      STATUS, 2
0x03C9	0x2BCC      	GOTO       L__capitalR108
0x03CA	0x300F      	MOVLW      15
0x03CB	0x0228      	SUBWF      FARG_capitalR_start, 0
L__capitalR108:
0x03CC	0x1803      	BTFSC      STATUS, 0
0x03CD	0x2BE6      	GOTO       L_capitalR40
;MyProject.c,262 :: 		PORTC = column[start];  //holds address of PORTD, columns 0-7
0x03CE	0x0828      	MOVF       FARG_capitalR_start, 0
0x03CF	0x00F0      	MOVWF      R0
0x03D0	0x0829      	MOVF       FARG_capitalR_start+1, 0
0x03D1	0x00F1      	MOVWF      R0+1
0x03D2	0x0DF0      	RLF        R0, 1
0x03D3	0x0DF1      	RLF        R0+1, 1
0x03D4	0x1070      	BCF        R0, 0
0x03D5	0x30DD      	MOVLW      _column
0x03D6	0x07F0      	ADDWF      R0, 1
0x03D7	0x3005      	MOVLW      hi_addr(_column)
0x03D8	0x1803      	BTFSC      STATUS, 0
0x03D9	0x3E01      	ADDLW      1
0x03DA	0x07F1      	ADDWF      R0+1, 1
0x03DB	0x0870      	MOVF       R0, 0
0x03DC	0x00A4      	MOVWF      ___DoICPAddr
0x03DD	0x0871      	MOVF       R0+1, 0
0x03DE	0x00A5      	MOVWF      ___DoICPAddr+1
0x03DF	0x202E      	CALL       _____DoICP
0x03E0	0x118A      	BCF        PCLATH, 3
0x03E1	0x120A      	BCF        PCLATH, 4
0x03E2	0x0087      	MOVWF      PORTC
;MyProject.c,263 :: 		PORTD |= 0b01000000;   //control line for DMUX 1
0x03E3	0x1708      	BSF        PORTD, 6
;MyProject.c,264 :: 		PORTA = 0x00;
0x03E4	0x0185      	CLRF       PORTA
;MyProject.c,266 :: 		}
0x03E5	0x2C2E      	GOTO       L_capitalR41
L_capitalR40:
;MyProject.c,267 :: 		else if (start < 28){
0x03E6	0x3080      	MOVLW      128
0x03E7	0x0629      	XORWF      FARG_capitalR_start+1, 0
0x03E8	0x00F0      	MOVWF      R0
0x03E9	0x3080      	MOVLW      128
0x03EA	0x0270      	SUBWF      R0, 0
0x03EB	0x1D03      	BTFSS      STATUS, 2
0x03EC	0x2BEF      	GOTO       L__capitalR109
0x03ED	0x301C      	MOVLW      28
0x03EE	0x0228      	SUBWF      FARG_capitalR_start, 0
L__capitalR109:
0x03EF	0x1803      	BTFSC      STATUS, 0
0x03F0	0x2C09      	GOTO       L_capitalR42
;MyProject.c,268 :: 		PORTC = column[start];  //columns 7-13
0x03F1	0x0828      	MOVF       FARG_capitalR_start, 0
0x03F2	0x00F0      	MOVWF      R0
0x03F3	0x0829      	MOVF       FARG_capitalR_start+1, 0
0x03F4	0x00F1      	MOVWF      R0+1
0x03F5	0x0DF0      	RLF        R0, 1
0x03F6	0x0DF1      	RLF        R0+1, 1
0x03F7	0x1070      	BCF        R0, 0
0x03F8	0x30DD      	MOVLW      _column
0x03F9	0x07F0      	ADDWF      R0, 1
0x03FA	0x3005      	MOVLW      hi_addr(_column)
0x03FB	0x1803      	BTFSC      STATUS, 0
0x03FC	0x3E01      	ADDLW      1
0x03FD	0x07F1      	ADDWF      R0+1, 1
0x03FE	0x0870      	MOVF       R0, 0
0x03FF	0x00A4      	MOVWF      ___DoICPAddr
0x0400	0x0871      	MOVF       R0+1, 0
0x0401	0x00A5      	MOVWF      ___DoICPAddr+1
0x0402	0x202E      	CALL       _____DoICP
0x0403	0x118A      	BCF        PCLATH, 3
0x0404	0x120A      	BCF        PCLATH, 4
0x0405	0x0087      	MOVWF      PORTC
;MyProject.c,269 :: 		PORTD |= 0b00100000;
0x0406	0x1688      	BSF        PORTD, 5
;MyProject.c,270 :: 		PORTA = 0x00;
0x0407	0x0185      	CLRF       PORTA
;MyProject.c,272 :: 		}
0x0408	0x2C2E      	GOTO       L_capitalR43
L_capitalR42:
;MyProject.c,273 :: 		else if (start < 29){
0x0409	0x3080      	MOVLW      128
0x040A	0x0629      	XORWF      FARG_capitalR_start+1, 0
0x040B	0x00F0      	MOVWF      R0
0x040C	0x3080      	MOVLW      128
0x040D	0x0270      	SUBWF      R0, 0
0x040E	0x1D03      	BTFSS      STATUS, 2
0x040F	0x2C12      	GOTO       L__capitalR110
0x0410	0x301D      	MOVLW      29
0x0411	0x0228      	SUBWF      FARG_capitalR_start, 0
L__capitalR110:
0x0412	0x1803      	BTFSC      STATUS, 0
0x0413	0x2C2E      	GOTO       L_capitalR44
;MyProject.c,274 :: 		PORTA |= column[start];  //columns 14-28
0x0414	0x0828      	MOVF       FARG_capitalR_start, 0
0x0415	0x00F0      	MOVWF      R0
0x0416	0x0829      	MOVF       FARG_capitalR_start+1, 0
0x0417	0x00F1      	MOVWF      R0+1
0x0418	0x0DF0      	RLF        R0, 1
0x0419	0x0DF1      	RLF        R0+1, 1
0x041A	0x1070      	BCF        R0, 0
0x041B	0x30DD      	MOVLW      _column
0x041C	0x07F0      	ADDWF      R0, 1
0x041D	0x3005      	MOVLW      hi_addr(_column)
0x041E	0x1803      	BTFSC      STATUS, 0
0x041F	0x3E01      	ADDLW      1
0x0420	0x07F1      	ADDWF      R0+1, 1
0x0421	0x0870      	MOVF       R0, 0
0x0422	0x00A4      	MOVWF      ___DoICPAddr
0x0423	0x0871      	MOVF       R0+1, 0
0x0424	0x00A5      	MOVWF      ___DoICPAddr+1
0x0425	0x202E      	CALL       _____DoICP
0x0426	0x118A      	BCF        PCLATH, 3
0x0427	0x120A      	BCF        PCLATH, 4
0x0428	0x00F0      	MOVWF      R0
0x0429	0x0870      	MOVF       R0, 0
0x042A	0x0485      	IORWF      PORTA, 1
;MyProject.c,275 :: 		PORTC = 0x00;
0x042B	0x0187      	CLRF       PORTC
;MyProject.c,276 :: 		PORTD &= row9;
0x042C	0x3080      	MOVLW      128
0x042D	0x0588      	ANDWF      PORTD, 1
;MyProject.c,277 :: 		}
L_capitalR44:
L_capitalR43:
L_capitalR41:
;MyProject.c,278 :: 		start++;
0x042E	0x0AA8      	INCF       FARG_capitalR_start, 1
0x042F	0x1903      	BTFSC      STATUS, 2
0x0430	0x0AA9      	INCF       FARG_capitalR_start+1, 1
;MyProject.c,279 :: 		PORTB = characters[charNum][10];
0x0431	0x3018      	MOVLW      24
0x0432	0x00F0      	MOVWF      R0
0x0433	0x3000      	MOVLW      0
0x0434	0x00F1      	MOVWF      R0+1
0x0435	0x0826      	MOVF       FARG_capitalR_charNum, 0
0x0436	0x00F4      	MOVWF      R4
0x0437	0x0827      	MOVF       FARG_capitalR_charNum+1, 0
0x0438	0x00F5      	MOVWF      R4+1
0x0439	0x2003      	CALL       _Mul_16x16_U
0x043A	0x0870      	MOVF       R0, 0
0x043B	0x3E91      	ADDLW      _characters
0x043C	0x00F2      	MOVWF      R2
0x043D	0x3006      	MOVLW      hi_addr(_characters)
0x043E	0x1803      	BTFSC      STATUS, 0
0x043F	0x3E01      	ADDLW      1
0x0440	0x0771      	ADDWF      R0+1, 0
0x0441	0x00F3      	MOVWF      R2+1
0x0442	0x3014      	MOVLW      20
0x0443	0x0772      	ADDWF      R2, 0
0x0444	0x00F0      	MOVWF      R0
0x0445	0x0873      	MOVF       R2+1, 0
0x0446	0x1803      	BTFSC      STATUS, 0
0x0447	0x3E01      	ADDLW      1
0x0448	0x3E00      	ADDLW      0
0x0449	0x00F1      	MOVWF      R0+1
0x044A	0x0870      	MOVF       R0, 0
0x044B	0x00A4      	MOVWF      ___DoICPAddr
0x044C	0x0871      	MOVF       R0+1, 0
0x044D	0x00A5      	MOVWF      ___DoICPAddr+1
0x044E	0x202E      	CALL       _____DoICP
0x044F	0x118A      	BCF        PCLATH, 3
0x0450	0x120A      	BCF        PCLATH, 4
0x0451	0x0086      	MOVWF      PORTB
;MyProject.c,280 :: 		PORTD |= characters[charNum][11];
0x0452	0x3016      	MOVLW      22
0x0453	0x0772      	ADDWF      R2, 0
0x0454	0x00F0      	MOVWF      R0
0x0455	0x0873      	MOVF       R2+1, 0
0x0456	0x1803      	BTFSC      STATUS, 0
0x0457	0x3E01      	ADDLW      1
0x0458	0x3E00      	ADDLW      0
0x0459	0x00F1      	MOVWF      R0+1
0x045A	0x0870      	MOVF       R0, 0
0x045B	0x00A4      	MOVWF      ___DoICPAddr
0x045C	0x0871      	MOVF       R0+1, 0
0x045D	0x00A5      	MOVWF      ___DoICPAddr+1
0x045E	0x202E      	CALL       _____DoICP
0x045F	0x118A      	BCF        PCLATH, 3
0x0460	0x120A      	BCF        PCLATH, 4
0x0461	0x00F0      	MOVWF      R0
0x0462	0x0870      	MOVF       R0, 0
0x0463	0x0488      	IORWF      PORTD, 1
;MyProject.c,281 :: 		for(i=0; i<20; i++);  //homebrew delay
0x0464	0x01AA      	CLRF       capitalR_i_L0
0x0465	0x01AB      	CLRF       capitalR_i_L0+1
L_capitalR45:
0x0466	0x3080      	MOVLW      128
0x0467	0x062B      	XORWF      capitalR_i_L0+1, 0
0x0468	0x00F0      	MOVWF      R0
0x0469	0x3080      	MOVLW      128
0x046A	0x0270      	SUBWF      R0, 0
0x046B	0x1D03      	BTFSS      STATUS, 2
0x046C	0x2C6F      	GOTO       L__capitalR111
0x046D	0x3014      	MOVLW      20
0x046E	0x022A      	SUBWF      capitalR_i_L0, 0
L__capitalR111:
0x046F	0x1803      	BTFSC      STATUS, 0
0x0470	0x2C75      	GOTO       L_capitalR46
0x0471	0x0AAA      	INCF       capitalR_i_L0, 1
0x0472	0x1903      	BTFSC      STATUS, 2
0x0473	0x0AAB      	INCF       capitalR_i_L0+1, 1
0x0474	0x2C66      	GOTO       L_capitalR45
L_capitalR46:
;MyProject.c,282 :: 		PORTA = 0x00;
0x0475	0x0185      	CLRF       PORTA
;MyProject.c,283 :: 		PORTB = 0x00;
0x0476	0x0186      	CLRF       PORTB
;MyProject.c,284 :: 		PORTC = 0x00;
0x0477	0x0187      	CLRF       PORTC
;MyProject.c,285 :: 		PORTD = 0x00;
0x0478	0x0188      	CLRF       PORTD
;MyProject.c,286 :: 		PORTE = 0x00;
0x0479	0x0189      	CLRF       PORTE
;MyProject.c,291 :: 		if(start < 15){
0x047A	0x3080      	MOVLW      128
0x047B	0x0629      	XORWF      FARG_capitalR_start+1, 0
0x047C	0x00F0      	MOVWF      R0
0x047D	0x3080      	MOVLW      128
0x047E	0x0270      	SUBWF      R0, 0
0x047F	0x1D03      	BTFSS      STATUS, 2
0x0480	0x2C83      	GOTO       L__capitalR112
0x0481	0x300F      	MOVLW      15
0x0482	0x0228      	SUBWF      FARG_capitalR_start, 0
L__capitalR112:
0x0483	0x1803      	BTFSC      STATUS, 0
0x0484	0x2C9D      	GOTO       L_capitalR48
;MyProject.c,292 :: 		PORTC = column[start];  //holds address of PORTD, columns 0-7
0x0485	0x0828      	MOVF       FARG_capitalR_start, 0
0x0486	0x00F0      	MOVWF      R0
0x0487	0x0829      	MOVF       FARG_capitalR_start+1, 0
0x0488	0x00F1      	MOVWF      R0+1
0x0489	0x0DF0      	RLF        R0, 1
0x048A	0x0DF1      	RLF        R0+1, 1
0x048B	0x1070      	BCF        R0, 0
0x048C	0x30DD      	MOVLW      _column
0x048D	0x07F0      	ADDWF      R0, 1
0x048E	0x3005      	MOVLW      hi_addr(_column)
0x048F	0x1803      	BTFSC      STATUS, 0
0x0490	0x3E01      	ADDLW      1
0x0491	0x07F1      	ADDWF      R0+1, 1
0x0492	0x0870      	MOVF       R0, 0
0x0493	0x00A4      	MOVWF      ___DoICPAddr
0x0494	0x0871      	MOVF       R0+1, 0
0x0495	0x00A5      	MOVWF      ___DoICPAddr+1
0x0496	0x202E      	CALL       _____DoICP
0x0497	0x118A      	BCF        PCLATH, 3
0x0498	0x120A      	BCF        PCLATH, 4
0x0499	0x0087      	MOVWF      PORTC
;MyProject.c,293 :: 		PORTD |= 0b01000000;   //control line for DMUX 1
0x049A	0x1708      	BSF        PORTD, 6
;MyProject.c,294 :: 		PORTA = 0x00;
0x049B	0x0185      	CLRF       PORTA
;MyProject.c,296 :: 		}
0x049C	0x2CE4      	GOTO       L_capitalR49
L_capitalR48:
;MyProject.c,297 :: 		else if (start < 28){
0x049D	0x3080      	MOVLW      128
0x049E	0x0629      	XORWF      FARG_capitalR_start+1, 0
0x049F	0x00F0      	MOVWF      R0
0x04A0	0x3080      	MOVLW      128
0x04A1	0x0270      	SUBWF      R0, 0
0x04A2	0x1D03      	BTFSS      STATUS, 2
0x04A3	0x2CA6      	GOTO       L__capitalR113
0x04A4	0x301C      	MOVLW      28
0x04A5	0x0228      	SUBWF      FARG_capitalR_start, 0
L__capitalR113:
0x04A6	0x1803      	BTFSC      STATUS, 0
0x04A7	0x2CC0      	GOTO       L_capitalR50
;MyProject.c,298 :: 		PORTC = column[start];  //columns 7-13
0x04A8	0x0828      	MOVF       FARG_capitalR_start, 0
0x04A9	0x00F0      	MOVWF      R0
0x04AA	0x0829      	MOVF       FARG_capitalR_start+1, 0
0x04AB	0x00F1      	MOVWF      R0+1
0x04AC	0x0DF0      	RLF        R0, 1
0x04AD	0x0DF1      	RLF        R0+1, 1
0x04AE	0x1070      	BCF        R0, 0
0x04AF	0x30DD      	MOVLW      _column
0x04B0	0x07F0      	ADDWF      R0, 1
0x04B1	0x3005      	MOVLW      hi_addr(_column)
0x04B2	0x1803      	BTFSC      STATUS, 0
0x04B3	0x3E01      	ADDLW      1
0x04B4	0x07F1      	ADDWF      R0+1, 1
0x04B5	0x0870      	MOVF       R0, 0
0x04B6	0x00A4      	MOVWF      ___DoICPAddr
0x04B7	0x0871      	MOVF       R0+1, 0
0x04B8	0x00A5      	MOVWF      ___DoICPAddr+1
0x04B9	0x202E      	CALL       _____DoICP
0x04BA	0x118A      	BCF        PCLATH, 3
0x04BB	0x120A      	BCF        PCLATH, 4
0x04BC	0x0087      	MOVWF      PORTC
;MyProject.c,299 :: 		PORTD |= 0b00100000;
0x04BD	0x1688      	BSF        PORTD, 5
;MyProject.c,300 :: 		PORTA = 0x00;
0x04BE	0x0185      	CLRF       PORTA
;MyProject.c,302 :: 		}
0x04BF	0x2CE4      	GOTO       L_capitalR51
L_capitalR50:
;MyProject.c,303 :: 		else if (start < 29){
0x04C0	0x3080      	MOVLW      128
0x04C1	0x0629      	XORWF      FARG_capitalR_start+1, 0
0x04C2	0x00F0      	MOVWF      R0
0x04C3	0x3080      	MOVLW      128
0x04C4	0x0270      	SUBWF      R0, 0
0x04C5	0x1D03      	BTFSS      STATUS, 2
0x04C6	0x2CC9      	GOTO       L__capitalR114
0x04C7	0x301D      	MOVLW      29
0x04C8	0x0228      	SUBWF      FARG_capitalR_start, 0
L__capitalR114:
0x04C9	0x1803      	BTFSC      STATUS, 0
0x04CA	0x2CE4      	GOTO       L_capitalR52
;MyProject.c,304 :: 		PORTA |= column[start];  //columns 14-28
0x04CB	0x0828      	MOVF       FARG_capitalR_start, 0
0x04CC	0x00F0      	MOVWF      R0
0x04CD	0x0829      	MOVF       FARG_capitalR_start+1, 0
0x04CE	0x00F1      	MOVWF      R0+1
0x04CF	0x0DF0      	RLF        R0, 1
0x04D0	0x0DF1      	RLF        R0+1, 1
0x04D1	0x1070      	BCF        R0, 0
0x04D2	0x30DD      	MOVLW      _column
0x04D3	0x07F0      	ADDWF      R0, 1
0x04D4	0x3005      	MOVLW      hi_addr(_column)
0x04D5	0x1803      	BTFSC      STATUS, 0
0x04D6	0x3E01      	ADDLW      1
0x04D7	0x07F1      	ADDWF      R0+1, 1
0x04D8	0x0870      	MOVF       R0, 0
0x04D9	0x00A4      	MOVWF      ___DoICPAddr
0x04DA	0x0871      	MOVF       R0+1, 0
0x04DB	0x00A5      	MOVWF      ___DoICPAddr+1
0x04DC	0x202E      	CALL       _____DoICP
0x04DD	0x118A      	BCF        PCLATH, 3
0x04DE	0x120A      	BCF        PCLATH, 4
0x04DF	0x00F0      	MOVWF      R0
0x04E0	0x0870      	MOVF       R0, 0
0x04E1	0x0485      	IORWF      PORTA, 1
;MyProject.c,305 :: 		PORTC = 0x00;
0x04E2	0x0187      	CLRF       PORTC
;MyProject.c,306 :: 		PORTD = 0x00;
0x04E3	0x0188      	CLRF       PORTD
;MyProject.c,307 :: 		}
L_capitalR52:
L_capitalR51:
L_capitalR49:
;MyProject.c,308 :: 		start++;
0x04E4	0x0AA8      	INCF       FARG_capitalR_start, 1
0x04E5	0x1903      	BTFSC      STATUS, 2
0x04E6	0x0AA9      	INCF       FARG_capitalR_start+1, 1
;MyProject.c,309 :: 		PORTB = 0x00;  //turn off rows 1-8
0x04E7	0x0186      	CLRF       PORTB
;MyProject.c,310 :: 		PORTD &= ~row9;  //turns off row9
0x04E8	0x1388      	BCF        PORTD, 7
;MyProject.c,311 :: 		for(i=0; i<20; i++);  //homebrew delay
0x04E9	0x01AA      	CLRF       capitalR_i_L0
0x04EA	0x01AB      	CLRF       capitalR_i_L0+1
L_capitalR53:
0x04EB	0x3080      	MOVLW      128
0x04EC	0x062B      	XORWF      capitalR_i_L0+1, 0
0x04ED	0x00F0      	MOVWF      R0
0x04EE	0x3080      	MOVLW      128
0x04EF	0x0270      	SUBWF      R0, 0
0x04F0	0x1D03      	BTFSS      STATUS, 2
0x04F1	0x2CF4      	GOTO       L__capitalR115
0x04F2	0x3014      	MOVLW      20
0x04F3	0x022A      	SUBWF      capitalR_i_L0, 0
L__capitalR115:
0x04F4	0x1803      	BTFSC      STATUS, 0
0x04F5	0x2CFA      	GOTO       L_capitalR54
0x04F6	0x0AAA      	INCF       capitalR_i_L0, 1
0x04F7	0x1903      	BTFSC      STATUS, 2
0x04F8	0x0AAB      	INCF       capitalR_i_L0+1, 1
0x04F9	0x2CEB      	GOTO       L_capitalR53
L_capitalR54:
;MyProject.c,312 :: 		PORTA = 0x00;
0x04FA	0x0185      	CLRF       PORTA
;MyProject.c,313 :: 		PORTB = 0x00;
0x04FB	0x0186      	CLRF       PORTB
;MyProject.c,314 :: 		PORTC = 0x00;
0x04FC	0x0187      	CLRF       PORTC
;MyProject.c,315 :: 		PORTD = 0x00;
0x04FD	0x0188      	CLRF       PORTD
;MyProject.c,316 :: 		PORTE = 0x00;
0x04FE	0x0189      	CLRF       PORTE
;MyProject.c,319 :: 		if(start < 15){
0x04FF	0x3080      	MOVLW      128
0x0500	0x0629      	XORWF      FARG_capitalR_start+1, 0
0x0501	0x00F0      	MOVWF      R0
0x0502	0x3080      	MOVLW      128
0x0503	0x0270      	SUBWF      R0, 0
0x0504	0x1D03      	BTFSS      STATUS, 2
0x0505	0x2D08      	GOTO       L__capitalR116
0x0506	0x300F      	MOVLW      15
0x0507	0x0228      	SUBWF      FARG_capitalR_start, 0
L__capitalR116:
0x0508	0x1803      	BTFSC      STATUS, 0
0x0509	0x2D22      	GOTO       L_capitalR56
;MyProject.c,320 :: 		PORTC = column[start];  //holds address of PORTD, columns 0-7
0x050A	0x0828      	MOVF       FARG_capitalR_start, 0
0x050B	0x00F0      	MOVWF      R0
0x050C	0x0829      	MOVF       FARG_capitalR_start+1, 0
0x050D	0x00F1      	MOVWF      R0+1
0x050E	0x0DF0      	RLF        R0, 1
0x050F	0x0DF1      	RLF        R0+1, 1
0x0510	0x1070      	BCF        R0, 0
0x0511	0x30DD      	MOVLW      _column
0x0512	0x07F0      	ADDWF      R0, 1
0x0513	0x3005      	MOVLW      hi_addr(_column)
0x0514	0x1803      	BTFSC      STATUS, 0
0x0515	0x3E01      	ADDLW      1
0x0516	0x07F1      	ADDWF      R0+1, 1
0x0517	0x0870      	MOVF       R0, 0
0x0518	0x00A4      	MOVWF      ___DoICPAddr
0x0519	0x0871      	MOVF       R0+1, 0
0x051A	0x00A5      	MOVWF      ___DoICPAddr+1
0x051B	0x202E      	CALL       _____DoICP
0x051C	0x118A      	BCF        PCLATH, 3
0x051D	0x120A      	BCF        PCLATH, 4
0x051E	0x0087      	MOVWF      PORTC
;MyProject.c,321 :: 		PORTD |= 0b01000000;   //control line for DMUX 1
0x051F	0x1708      	BSF        PORTD, 6
;MyProject.c,322 :: 		PORTA = 0x00;
0x0520	0x0185      	CLRF       PORTA
;MyProject.c,324 :: 		}
0x0521	0x2D69      	GOTO       L_capitalR57
L_capitalR56:
;MyProject.c,325 :: 		else if (start < 28){
0x0522	0x3080      	MOVLW      128
0x0523	0x0629      	XORWF      FARG_capitalR_start+1, 0
0x0524	0x00F0      	MOVWF      R0
0x0525	0x3080      	MOVLW      128
0x0526	0x0270      	SUBWF      R0, 0
0x0527	0x1D03      	BTFSS      STATUS, 2
0x0528	0x2D2B      	GOTO       L__capitalR117
0x0529	0x301C      	MOVLW      28
0x052A	0x0228      	SUBWF      FARG_capitalR_start, 0
L__capitalR117:
0x052B	0x1803      	BTFSC      STATUS, 0
0x052C	0x2D45      	GOTO       L_capitalR58
;MyProject.c,326 :: 		PORTC = column[start];  //columns 7-13
0x052D	0x0828      	MOVF       FARG_capitalR_start, 0
0x052E	0x00F0      	MOVWF      R0
0x052F	0x0829      	MOVF       FARG_capitalR_start+1, 0
0x0530	0x00F1      	MOVWF      R0+1
0x0531	0x0DF0      	RLF        R0, 1
0x0532	0x0DF1      	RLF        R0+1, 1
0x0533	0x1070      	BCF        R0, 0
0x0534	0x30DD      	MOVLW      _column
0x0535	0x07F0      	ADDWF      R0, 1
0x0536	0x3005      	MOVLW      hi_addr(_column)
0x0537	0x1803      	BTFSC      STATUS, 0
0x0538	0x3E01      	ADDLW      1
0x0539	0x07F1      	ADDWF      R0+1, 1
0x053A	0x0870      	MOVF       R0, 0
0x053B	0x00A4      	MOVWF      ___DoICPAddr
0x053C	0x0871      	MOVF       R0+1, 0
0x053D	0x00A5      	MOVWF      ___DoICPAddr+1
0x053E	0x202E      	CALL       _____DoICP
0x053F	0x118A      	BCF        PCLATH, 3
0x0540	0x120A      	BCF        PCLATH, 4
0x0541	0x0087      	MOVWF      PORTC
;MyProject.c,327 :: 		PORTD |= 0b00100000;
0x0542	0x1688      	BSF        PORTD, 5
;MyProject.c,328 :: 		PORTA = 0x00;
0x0543	0x0185      	CLRF       PORTA
;MyProject.c,330 :: 		}
0x0544	0x2D69      	GOTO       L_capitalR59
L_capitalR58:
;MyProject.c,331 :: 		else if (start < 29){
0x0545	0x3080      	MOVLW      128
0x0546	0x0629      	XORWF      FARG_capitalR_start+1, 0
0x0547	0x00F0      	MOVWF      R0
0x0548	0x3080      	MOVLW      128
0x0549	0x0270      	SUBWF      R0, 0
0x054A	0x1D03      	BTFSS      STATUS, 2
0x054B	0x2D4E      	GOTO       L__capitalR118
0x054C	0x301D      	MOVLW      29
0x054D	0x0228      	SUBWF      FARG_capitalR_start, 0
L__capitalR118:
0x054E	0x1803      	BTFSC      STATUS, 0
0x054F	0x2D69      	GOTO       L_capitalR60
;MyProject.c,332 :: 		PORTA |= column[start];  //columns 14-28
0x0550	0x0828      	MOVF       FARG_capitalR_start, 0
0x0551	0x00F0      	MOVWF      R0
0x0552	0x0829      	MOVF       FARG_capitalR_start+1, 0
0x0553	0x00F1      	MOVWF      R0+1
0x0554	0x0DF0      	RLF        R0, 1
0x0555	0x0DF1      	RLF        R0+1, 1
0x0556	0x1070      	BCF        R0, 0
0x0557	0x30DD      	MOVLW      _column
0x0558	0x07F0      	ADDWF      R0, 1
0x0559	0x3005      	MOVLW      hi_addr(_column)
0x055A	0x1803      	BTFSC      STATUS, 0
0x055B	0x3E01      	ADDLW      1
0x055C	0x07F1      	ADDWF      R0+1, 1
0x055D	0x0870      	MOVF       R0, 0
0x055E	0x00A4      	MOVWF      ___DoICPAddr
0x055F	0x0871      	MOVF       R0+1, 0
0x0560	0x00A5      	MOVWF      ___DoICPAddr+1
0x0561	0x202E      	CALL       _____DoICP
0x0562	0x118A      	BCF        PCLATH, 3
0x0563	0x120A      	BCF        PCLATH, 4
0x0564	0x00F0      	MOVWF      R0
0x0565	0x0870      	MOVF       R0, 0
0x0566	0x0485      	IORWF      PORTA, 1
;MyProject.c,333 :: 		PORTC = 0x00;
0x0567	0x0187      	CLRF       PORTC
;MyProject.c,334 :: 		PORTD = 0x00;
0x0568	0x0188      	CLRF       PORTD
;MyProject.c,335 :: 		}
L_capitalR60:
L_capitalR59:
L_capitalR57:
;MyProject.c,336 :: 		PORTB = 0x00;
0x0569	0x0186      	CLRF       PORTB
;MyProject.c,337 :: 		PORTD &= ~row9;  //turns off row9;
0x056A	0x1388      	BCF        PORTD, 7
;MyProject.c,338 :: 		for(i=0; i<20; i++);  //homebrew delay
0x056B	0x01AA      	CLRF       capitalR_i_L0
0x056C	0x01AB      	CLRF       capitalR_i_L0+1
L_capitalR61:
0x056D	0x3080      	MOVLW      128
0x056E	0x062B      	XORWF      capitalR_i_L0+1, 0
0x056F	0x00F0      	MOVWF      R0
0x0570	0x3080      	MOVLW      128
0x0571	0x0270      	SUBWF      R0, 0
0x0572	0x1D03      	BTFSS      STATUS, 2
0x0573	0x2D76      	GOTO       L__capitalR119
0x0574	0x3014      	MOVLW      20
0x0575	0x022A      	SUBWF      capitalR_i_L0, 0
L__capitalR119:
0x0576	0x1803      	BTFSC      STATUS, 0
0x0577	0x2D7C      	GOTO       L_capitalR62
0x0578	0x0AAA      	INCF       capitalR_i_L0, 1
0x0579	0x1903      	BTFSC      STATUS, 2
0x057A	0x0AAB      	INCF       capitalR_i_L0+1, 1
0x057B	0x2D6D      	GOTO       L_capitalR61
L_capitalR62:
;MyProject.c,339 :: 		PORTA = 0x00;
0x057C	0x0185      	CLRF       PORTA
;MyProject.c,340 :: 		PORTB = 0x00;
0x057D	0x0186      	CLRF       PORTB
;MyProject.c,341 :: 		PORTC = 0x00;
0x057E	0x0187      	CLRF       PORTC
;MyProject.c,342 :: 		PORTD = 0x00;
0x057F	0x0188      	CLRF       PORTD
;MyProject.c,343 :: 		PORTE = 0x00;
0x0580	0x0189      	CLRF       PORTE
;MyProject.c,344 :: 		}
L_end_capitalR:
0x0581	0x0008      	RETURN
; end of _capitalR
___CC2DW:
;__Lib_System.c,134 :: 		
;__Lib_System.c,137 :: 		
_CC2D_Loop1:
;__Lib_System.c,139 :: 		
0x0582	0x202E      	CALL       _____DoICP
0x0583	0x118A      	BCF        PCLATH, 3
0x0584	0x120A      	BCF        PCLATH, 4
;__Lib_System.c,141 :: 		
0x0585	0x0080      	MOVWF      INDF
;__Lib_System.c,142 :: 		
0x0586	0x0A84      	INCF       FSR, 1
;__Lib_System.c,143 :: 		
0x0587	0x0AA4      	INCF       ___DoICPAddr, 1
;__Lib_System.c,145 :: 		
0x0588	0x1903      	BTFSC      STATUS, 2
;__Lib_System.c,146 :: 		
0x0589	0x0AA5      	INCF       ___DoICPAddr+1, 1
;__Lib_System.c,147 :: 		
0x058A	0x03F0      	DECF       R0, 1
;__Lib_System.c,149 :: 		
0x058B	0x1D03      	BTFSS      STATUS, 2
;__Lib_System.c,150 :: 		
0x058C	0x2D82      	GOTO       _CC2D_Loop1
;__Lib_System.c,152 :: 		
L_end___CC2DW:
0x058D	0x0008      	RETURN
; end of ___CC2DW
_init_ports:
;MyProject.c,91 :: 		void init_ports(){
;MyProject.c,92 :: 		PORTA = 0x00;
0x058E	0x1283      	BCF        STATUS, 5
0x058F	0x1303      	BCF        STATUS, 6
0x0590	0x0185      	CLRF       PORTA
;MyProject.c,93 :: 		TRISA = 0x00;
0x0591	0x1683      	BSF        STATUS, 5
0x0592	0x0185      	CLRF       TRISA
;MyProject.c,94 :: 		PORTB = 0x00;
0x0593	0x1283      	BCF        STATUS, 5
0x0594	0x0186      	CLRF       PORTB
;MyProject.c,95 :: 		TRISB = 0x00;      // data direction control, 0 for output 1 for input
0x0595	0x1683      	BSF        STATUS, 5
0x0596	0x0186      	CLRF       TRISB
;MyProject.c,96 :: 		PORTC = 0x00;
0x0597	0x1283      	BCF        STATUS, 5
0x0598	0x0187      	CLRF       PORTC
;MyProject.c,97 :: 		TRISC = 0x00;
0x0599	0x1683      	BSF        STATUS, 5
0x059A	0x0187      	CLRF       TRISC
;MyProject.c,98 :: 		PORTD = 0x00;
0x059B	0x1283      	BCF        STATUS, 5
0x059C	0x0188      	CLRF       PORTD
;MyProject.c,99 :: 		TRISD = 0x00;
0x059D	0x1683      	BSF        STATUS, 5
0x059E	0x0188      	CLRF       TRISD
;MyProject.c,100 :: 		}
L_end_init_ports:
0x059F	0x0008      	RETURN
; end of _init_ports
_main:
0x05A0	0x1283      	BCF        STATUS, 5
0x05A1	0x1303      	BCF        STATUS, 6
0x05A2	0x01A0      	CLRF       _index
0x05A3	0x01A1      	CLRF       33
0x05A4	0x01A2      	CLRF       _counter
0x05A5	0x01A3      	CLRF       35
;MyProject.c,400 :: 		void main() {
;MyProject.c,402 :: 		init_ports();
0x05A6	0x258E      	CALL       _init_ports
;MyProject.c,403 :: 		delay_ms(20);
0x05A7	0x3082      	MOVLW      130
0x05A8	0x00FC      	MOVWF      R12
0x05A9	0x30DD      	MOVLW      221
0x05AA	0x00FD      	MOVWF      R13
L_main79:
0x05AB	0x0BFD      	DECFSZ     R13, 1
0x05AC	0x2DAB      	GOTO       L_main79
0x05AD	0x0BFC      	DECFSZ     R12, 1
0x05AE	0x2DAB      	GOTO       L_main79
0x05AF	0x0000      	NOP
0x05B0	0x0000      	NOP
;MyProject.c,406 :: 		while(1){
L_main80:
;MyProject.c,409 :: 		capitalR(0, index);
0x05B1	0x1283      	BCF        STATUS, 5
0x05B2	0x01A6      	CLRF       FARG_capitalR_charNum
0x05B3	0x01A7      	CLRF       FARG_capitalR_charNum+1
0x05B4	0x0820      	MOVF       _index, 0
0x05B5	0x00A8      	MOVWF      FARG_capitalR_start
0x05B6	0x0821      	MOVF       _index+1, 0
0x05B7	0x00A9      	MOVWF      FARG_capitalR_start+1
0x05B8	0x2035      	CALL       _capitalR
;MyProject.c,413 :: 		if(counter > 90){
0x05B9	0x3080      	MOVLW      128
0x05BA	0x00F0      	MOVWF      R0
0x05BB	0x3080      	MOVLW      128
0x05BC	0x0623      	XORWF      _counter+1, 0
0x05BD	0x0270      	SUBWF      R0, 0
0x05BE	0x1D03      	BTFSS      STATUS, 2
0x05BF	0x2DC2      	GOTO       L__main122
0x05C0	0x0822      	MOVF       _counter, 0
0x05C1	0x3C5A      	SUBLW      90
L__main122:
0x05C2	0x1803      	BTFSC      STATUS, 0
0x05C3	0x2DD8      	GOTO       L_main82
;MyProject.c,414 :: 		if(index < 29)
0x05C4	0x3080      	MOVLW      128
0x05C5	0x0621      	XORWF      _index+1, 0
0x05C6	0x00F0      	MOVWF      R0
0x05C7	0x3080      	MOVLW      128
0x05C8	0x0270      	SUBWF      R0, 0
0x05C9	0x1D03      	BTFSS      STATUS, 2
0x05CA	0x2DCD      	GOTO       L__main123
0x05CB	0x301D      	MOVLW      29
0x05CC	0x0220      	SUBWF      _index, 0
L__main123:
0x05CD	0x1803      	BTFSC      STATUS, 0
0x05CE	0x2DD3      	GOTO       L_main83
;MyProject.c,415 :: 		index++;
0x05CF	0x0AA0      	INCF       _index, 1
0x05D0	0x1903      	BTFSC      STATUS, 2
0x05D1	0x0AA1      	INCF       _index+1, 1
0x05D2	0x2DD5      	GOTO       L_main84
L_main83:
;MyProject.c,417 :: 		index = 0x00; //reset index
0x05D3	0x01A0      	CLRF       _index
0x05D4	0x01A1      	CLRF       _index+1
L_main84:
;MyProject.c,419 :: 		counter = 0x00;  //reset counter
0x05D5	0x01A2      	CLRF       _counter
0x05D6	0x01A3      	CLRF       _counter+1
;MyProject.c,420 :: 		}
0x05D7	0x2DDB      	GOTO       L_main85
L_main82:
;MyProject.c,422 :: 		counter++;
0x05D8	0x0AA2      	INCF       _counter, 1
0x05D9	0x1903      	BTFSC      STATUS, 2
0x05DA	0x0AA3      	INCF       _counter+1, 1
L_main85:
;MyProject.c,424 :: 		}
0x05DB	0x2DB1      	GOTO       L_main80
;MyProject.c,425 :: 		}
L_end_main:
0x05DC	0x2DDC      	GOTO       $+0
; end of _main
;MyProject.c,17 :: _column
0x05DD	0x34F0 ;_column+0
0x05DE	0x3400 ;_column+1
0x05DF	0x34E0 ;_column+2
0x05E0	0x3400 ;_column+3
0x05E1	0x34D0 ;_column+4
0x05E2	0x3400 ;_column+5
0x05E3	0x34C0 ;_column+6
0x05E4	0x3400 ;_column+7
0x05E5	0x34B0 ;_column+8
0x05E6	0x3400 ;_column+9
0x05E7	0x34A0 ;_column+10
0x05E8	0x3400 ;_column+11
0x05E9	0x3490 ;_column+12
0x05EA	0x3400 ;_column+13
0x05EB	0x3480 ;_column+14
0x05EC	0x3400 ;_column+15
0x05ED	0x3470 ;_column+16
0x05EE	0x3400 ;_column+17
0x05EF	0x3460 ;_column+18
0x05F0	0x3400 ;_column+19
0x05F1	0x3450 ;_column+20
0x05F2	0x3400 ;_column+21
0x05F3	0x3440 ;_column+22
0x05F4	0x3400 ;_column+23
0x05F5	0x3430 ;_column+24
0x05F6	0x3400 ;_column+25
0x05F7	0x3420 ;_column+26
0x05F8	0x3400 ;_column+27
0x05F9	0x3410 ;_column+28
0x05FA	0x3400 ;_column+29
0x05FB	0x34F0 ;_column+30
0x05FC	0x3400 ;_column+31
0x05FD	0x34E0 ;_column+32
0x05FE	0x3400 ;_column+33
0x05FF	0x34D0 ;_column+34
0x0600	0x3400 ;_column+35
0x0601	0x34C0 ;_column+36
0x0602	0x3400 ;_column+37
0x0603	0x34B0 ;_column+38
0x0604	0x3400 ;_column+39
0x0605	0x34A0 ;_column+40
0x0606	0x3400 ;_column+41
0x0607	0x3490 ;_column+42
0x0608	0x3400 ;_column+43
0x0609	0x3480 ;_column+44
0x060A	0x3400 ;_column+45
0x060B	0x3470 ;_column+46
0x060C	0x3400 ;_column+47
0x060D	0x3460 ;_column+48
0x060E	0x3400 ;_column+49
0x060F	0x3450 ;_column+50
0x0610	0x3400 ;_column+51
0x0611	0x3440 ;_column+52
0x0612	0x3400 ;_column+53
0x0613	0x3430 ;_column+54
0x0614	0x3400 ;_column+55
0x0615	0x3420 ;_column+56
0x0616	0x3400 ;_column+57
0x0617	0x3410 ;_column+58
0x0618	0x3400 ;_column+59
0x0619	0x34F0 ;_column+60
0x061A	0x3400 ;_column+61
0x061B	0x34E0 ;_column+62
0x061C	0x3400 ;_column+63
0x061D	0x34D0 ;_column+64
0x061E	0x3400 ;_column+65
0x061F	0x34C0 ;_column+66
0x0620	0x3400 ;_column+67
0x0621	0x34B0 ;_column+68
0x0622	0x3400 ;_column+69
0x0623	0x34A0 ;_column+70
0x0624	0x3400 ;_column+71
0x0625	0x3490 ;_column+72
0x0626	0x3400 ;_column+73
0x0627	0x3480 ;_column+74
0x0628	0x3400 ;_column+75
0x0629	0x3470 ;_column+76
0x062A	0x3400 ;_column+77
0x062B	0x3460 ;_column+78
0x062C	0x3400 ;_column+79
0x062D	0x3450 ;_column+80
0x062E	0x3400 ;_column+81
0x062F	0x3440 ;_column+82
0x0630	0x3400 ;_column+83
0x0631	0x3430 ;_column+84
0x0632	0x3400 ;_column+85
0x0633	0x3420 ;_column+86
0x0634	0x3400 ;_column+87
0x0635	0x3410 ;_column+88
0x0636	0x3400 ;_column+89
0x0637	0x34F0 ;_column+90
0x0638	0x3400 ;_column+91
0x0639	0x34E0 ;_column+92
0x063A	0x3400 ;_column+93
0x063B	0x34D0 ;_column+94
0x063C	0x3400 ;_column+95
0x063D	0x34C0 ;_column+96
0x063E	0x3400 ;_column+97
0x063F	0x34B0 ;_column+98
0x0640	0x3400 ;_column+99
0x0641	0x34A0 ;_column+100
0x0642	0x3400 ;_column+101
0x0643	0x3490 ;_column+102
0x0644	0x3400 ;_column+103
0x0645	0x3480 ;_column+104
0x0646	0x3400 ;_column+105
0x0647	0x3470 ;_column+106
0x0648	0x3400 ;_column+107
0x0649	0x3460 ;_column+108
0x064A	0x3400 ;_column+109
0x064B	0x3450 ;_column+110
0x064C	0x3400 ;_column+111
0x064D	0x3440 ;_column+112
0x064E	0x3400 ;_column+113
0x064F	0x3430 ;_column+114
0x0650	0x3400 ;_column+115
0x0651	0x3420 ;_column+116
0x0652	0x3400 ;_column+117
0x0653	0x3410 ;_column+118
0x0654	0x3400 ;_column+119
0x0655	0x34F0 ;_column+120
0x0656	0x3400 ;_column+121
0x0657	0x34E0 ;_column+122
0x0658	0x3400 ;_column+123
0x0659	0x34D0 ;_column+124
0x065A	0x3400 ;_column+125
0x065B	0x34C0 ;_column+126
0x065C	0x3400 ;_column+127
0x065D	0x34B0 ;_column+128
0x065E	0x3400 ;_column+129
0x065F	0x34A0 ;_column+130
0x0660	0x3400 ;_column+131
0x0661	0x3490 ;_column+132
0x0662	0x3400 ;_column+133
0x0663	0x3480 ;_column+134
0x0664	0x3400 ;_column+135
0x0665	0x3470 ;_column+136
0x0666	0x3400 ;_column+137
0x0667	0x3460 ;_column+138
0x0668	0x3400 ;_column+139
0x0669	0x3450 ;_column+140
0x066A	0x3400 ;_column+141
0x066B	0x3440 ;_column+142
0x066C	0x3400 ;_column+143
0x066D	0x3430 ;_column+144
0x066E	0x3400 ;_column+145
0x066F	0x3420 ;_column+146
0x0670	0x3400 ;_column+147
0x0671	0x3410 ;_column+148
0x0672	0x3400 ;_column+149
0x0673	0x34F0 ;_column+150
0x0674	0x3400 ;_column+151
0x0675	0x34E0 ;_column+152
0x0676	0x3400 ;_column+153
0x0677	0x34D0 ;_column+154
0x0678	0x3400 ;_column+155
0x0679	0x34C0 ;_column+156
0x067A	0x3400 ;_column+157
0x067B	0x34B0 ;_column+158
0x067C	0x3400 ;_column+159
0x067D	0x34A0 ;_column+160
0x067E	0x3400 ;_column+161
0x067F	0x3490 ;_column+162
0x0680	0x3400 ;_column+163
0x0681	0x3480 ;_column+164
0x0682	0x3400 ;_column+165
0x0683	0x3470 ;_column+166
0x0684	0x3400 ;_column+167
0x0685	0x3460 ;_column+168
0x0686	0x3400 ;_column+169
0x0687	0x3450 ;_column+170
0x0688	0x3400 ;_column+171
0x0689	0x3440 ;_column+172
0x068A	0x3400 ;_column+173
0x068B	0x3430 ;_column+174
0x068C	0x3400 ;_column+175
0x068D	0x3420 ;_column+176
0x068E	0x3400 ;_column+177
0x068F	0x3410 ;_column+178
0x0690	0x3400 ;_column+179
; end of _column
;MyProject.c,45 :: _characters
0x0691	0x34FF ;_characters+0
0x0692	0x3400 ;_characters+1
0x0693	0x3480 ;_characters+2
0x0694	0x3400 ;_characters+3
0x0695	0x3488 ;_characters+4
0x0696	0x3400 ;_characters+5
0x0697	0x3400 ;_characters+6
0x0698	0x3400 ;_characters+7
0x0699	0x3488 ;_characters+8
0x069A	0x3400 ;_characters+9
0x069B	0x3400 ;_characters+10
0x069C	0x3400 ;_characters+11
0x069D	0x348C ;_characters+12
0x069E	0x3400 ;_characters+13
0x069F	0x3400 ;_characters+14
0x06A0	0x3400 ;_characters+15
0x06A1	0x348A ;_characters+16
0x06A2	0x3400 ;_characters+17
0x06A3	0x3400 ;_characters+18
0x06A4	0x3400 ;_characters+19
0x06A5	0x3471 ;_characters+20
0x06A6	0x3400 ;_characters+21
0x06A7	0x3480 ;_characters+22
0x06A8	0x3400 ;_characters+23
; end of _characters
Symbol List:
//** Routines locations **
//ADDRESS    SIZE    PROCEDURE
//----------------------------------------------
0x0003      [43]    _Mul_16x16_U
0x002E       [7]    _____DoICP
0x0035    [1357]    _capitalR
0x0582      [12]    ___CC2DW
0x058E      [18]    _init_ports
0x05A0      [61]    _main
//** Variables locations ** 
//ADDRESS    SIZE    VARIABLE
//----------------------------------------------
0x0000       [1]    INDF
0x0002       [1]    PCL
0x0003       [1]    STATUS
0x0004       [1]    FSR
0x0005       [1]    PORTA
0x0006       [1]    PORTB
0x0007       [1]    PORTC
0x0008       [1]    PORTD
0x0009       [1]    PORTE
0x000A       [1]    PCLATH
0x0020       [2]    _index
0x0022       [2]    _counter
0x0024       [2]    ___DoICPAddr
0x0026       [2]    FARG_capitalR_charNum
0x0028       [2]    FARG_capitalR_start
0x002A       [2]    capitalR_i_L0
0x0070       [1]    R0
0x0071       [1]    R1
0x0072       [1]    R2
0x0073       [1]    R3
0x0074       [1]    R4
0x0075       [1]    R5
0x0076       [1]    R6
0x0077       [1]    R7
0x0078       [1]    R8
0x0079       [1]    R9
0x007A       [1]    R10
0x007B       [1]    R11
0x007C       [1]    R12
0x007D       [1]    R13
0x007E       [1]    R14
0x007F       [1]    R15
0x0085       [1]    TRISA
0x0086       [1]    TRISB
0x0087       [1]    TRISC
0x0088       [1]    TRISD
//** Constants locations ** 
//ADDRESS    SIZE    CONSTANT
//----------------------------------------------
0x05DD     [180]    _column
0x0691      [24]    _characters
//** Label List: ** 
//----------------------------------------------
  L_capitalR0
  L_capitalR1
  L_capitalR2
  L_capitalR3
  L_capitalR4
  L_capitalR5
  L_capitalR6
  L_capitalR7
  L_capitalR8
  L_capitalR9
  L_capitalR10
  L_capitalR11
  L_capitalR12
  L_capitalR13
  L_capitalR14
  L_capitalR15
  L_capitalR16
  L_capitalR17
  L_capitalR18
  L_capitalR19
  L_capitalR20
  L_capitalR21
  L_capitalR22
  L_capitalR23
  L_capitalR24
  L_capitalR25
  L_capitalR26
  L_capitalR27
  L_capitalR28
  L_capitalR29
  L_capitalR30
  L_capitalR31
  L_capitalR32
  L_capitalR33
  L_capitalR34
  L_capitalR35
  L_capitalR36
  L_capitalR37
  L_capitalR38
  L_capitalR39
  L_capitalR40
  L_capitalR41
  L_capitalR42
  L_capitalR43
  L_capitalR44
  L_capitalR45
  L_capitalR46
  L_capitalR47
  L_capitalR48
  L_capitalR49
  L_capitalR50
  L_capitalR51
  L_capitalR52
  L_capitalR53
  L_capitalR54
  L_capitalR55
  L_capitalR56
  L_capitalR57
  L_capitalR58
  L_capitalR59
  L_capitalR60
  L_capitalR61
  L_capitalR62
  L_capitalR63
  L_test64
  L_test65
  L_test66
  L_test67
  L_test68
  L_test69
  L_test70
  L_test71
  L_test72
  L_test73
  L_test74
  L_test75
  L_test76
  L_test77
  L_test78
  L_main79
  L_main80
  L_main81
  L_main82
  L_main83
  L_main84
  L_main85
  L_end_init_ports
  _init_ports
  L_end_capitalR
  _capitalR
  L__capitalR88
  L__capitalR89
  L__capitalR90
  L__capitalR91
  L__capitalR92
  L__capitalR93
  L__capitalR94
  L__capitalR95
  L__capitalR96
  L__capitalR97
  L__capitalR98
  L__capitalR99
  L__capitalR100
  L__capitalR101
  L__capitalR102
  L__capitalR103
  L__capitalR104
  L__capitalR105
  L__capitalR106
  L__capitalR107
  L__capitalR108
  L__capitalR109
  L__capitalR110
  L__capitalR111
  L__capitalR112
  L__capitalR113
  L__capitalR114
  L__capitalR115
  L__capitalR116
  L__capitalR117
  L__capitalR118
  L__capitalR119
  L_end_test
  _test
  L_end_main
  _main
  L__main122
  L__main123
  L_Div_16x16_S0
  L_Div_16x16_S1
  LOOPS3232A
  SADD22LA
  SOK22LA
  SADD22L8
  SOK22L8
  LOOPS3232B
  SADD22LB
  SOK22LB
  SADD22L16
  SOK22L16
  LOOPS3232C
  SADD22LC
  SOK22LC
  SADD22L24
  SOK22L24
  LOOPS3232D
  SADD22LD
  SOK22LD
  SOK22L
  L_Div_32x32_S6
  L_Div_32x32_S7
  L_Div_32x32_S8
  L_Div_32x32_S9
  FXD3232S
  END_ALL
  CA3232S
  C3232SX
  C3232SX1
  C3232S
  C3232S2
  C3232SX4
  C3232SOK
  C3232SX3
  C3232SX2
  avoid_comfrem
  LOOPU3232A
  UADD22LA
  UOK22LA
  UADD22L8
  UOK22L8
  LOOPU3232B
  UADD22LB
  UOK22LB
  UADD22L16
  UOK22L16
  LOOPU3232C
  UADD22LC
  UOK22LC
  UADD22L24
  UOK22L24
  LOOPU3232D
  UADD22LD
  UOK22LD
  UOK22L
  _NEXT
  _EXIT2
  _LOOP
  _EXIT1
  _IF_FIRST
  _IF_SECOND
  _INVERCE_FIRST
  _MULT
  _INBERSE_SECOND
  _EXIT
  L_end_Mul_8x8_U
  _Mul_8x8_U
  L_end_Mul_16x16_U
  _Mul_16x16_U
  L_end_Div_8x8_U
  _Div_8x8_U
  L_end_Div_16x16_U
  _Div_16x16_U
  L_end_Mul_8x8_S
  _Mul_8x8_S
  L_end_Mul_16x16_S
  _Mul_16x16_S
  L_end_Div_16x16_S_L
  _Div_16x16_S_L
  L_end_Div_16x16_S
  _Div_16x16_S
  L_end_Div_8x8_S
  _Div_8x8_S
  L_end_SDIV3232L
  _SDIV3232L
  L_end_COMFREM
  _COMFREM
  L_end_Div_32x32_S
  _Div_32x32_S
  L_end_Div_32x32_U
  _Div_32x32_U
  L_end_Mul_32x32_U
  _Mul_32x32_U
  L_end_Mul_32x32_S
  _Mul_32x32_S
  L_loopCA2AWs
  L_CA2AWend
  _CCA2AW_Loop1
  L_loopCS2Ss
  L_CS2Send
  _CCS2S_Loop1
  L_CCS2Send
  L_loopFZinSWs
  L_FZinSend
  _CC2D_Loop1
  L_end_____DoICP
  _____DoICP
  L_end_____DoIFC
  _____DoIFC
  L_end___CA2AW
  ___CA2AW
  L_end___CCA2AW
  ___CCA2AW
  L_end___CS2S
  ___CS2S
  L_end___CCS2S
  ___CCS2S
  L_end___FZinS
  ___FZinS
  L_end___CC2DW
  ___CC2DW
  L_end_Swap
  _Swap
