0	1	mikroCPIC1618.exe -MSF -DBG -pP16F690 -DL -O11111114 -fo8 -N"C:\Users\Home\apartmentAutomation\KC104_SidePartShades\PartingShades.mcppi" -SP"C:\Users\Public\Documents\Mikroelektronika\mikroC PRO for PIC\defs\" -SP"C:\Users\Public\Documents\Mikroelektronika\mikroC PRO for PIC\Uses\P16\" -SP"C:\Users\Home\apartmentAutomation\KC104_SidePartShades\" -SP"C:\Users\Home\Google Drive\Freelance_MicroProcessing\KC104_SidePartShades\" -SP"C:\Users\Home\Google Drive\Freelance_MicroProcessing\SidePartShades\" -SP"C:\Users\ben\Google Drive\Freelance_MicroProcessing\SidePartShades\" "PartingShades.c" "__Lib_Math.mcl" "__Lib_MathDouble.mcl" "__Lib_System.mcl" "__Lib_Delays.mcl" "__Lib_CType.mcl" "__Lib_CString.mcl" "__Lib_CStdlib.mcl" "__Lib_CMath.mcl" "__Lib_MemManager.mcl" "__Lib_Conversions.mcl" "__Lib_Sprinti.mcl" "__Lib_Sprintl.mcl" "__Lib_Time.mcl" "__Lib_Trigonometry.mcl" "__Lib_Button.mcl" "__Lib_Keypad4x4.mcl" "__Lib_Manchester.mcl" "__Lib_OneWire.mcl" "__Lib_PS2.mcl" "__Lib_Sound.mcl" "__Lib_SoftI2C.mcl" "__Lib_SoftSPI.mcl" "__Lib_SoftUART.mcl" "__Lib_ADC_A_B.mcl" "__Lib_EEPROM.mcl" "__Lib_FLASH_R.mcl" "__Lib_PWM_c5.mcl" "__Lib_SPI_b64c7.mcl" "__Lib_UART_b75.mcl" "__Lib_PortExpander.mcl" "__Lib_CANSPI.mcl" "__Lib_CF.mcl" "__Lib_GlcdFonts.mcl" "__Lib_Glcd.mcl" "__Lib_LcdConsts.mcl" "__Lib_Lcd.mcl" "__Lib_RS485.mcl" "__Lib_S1D13700.mcl" "__Lib_T6963C.mcl" "__Lib_SPIGlcd.mcl" "__Lib_SPILcd.mcl" "__Lib_SPILcd8.mcl" "__Lib_SPIT6963C.mcl" "__Lib_TouchPanel.mcl"	 
warning: 0	1501	Specified search path does not exist: 'C:\Users\Home\Google Drive\Freelance_MicroProcessing\SidePartShades'	 
warning: 0	1501	Specified search path does not exist: 'C:\Users\ben\Google Drive\Freelance_MicroProcessing\SidePartShades'	 
hint: 0	1139	Available RAM: 240 [bytes], Available ROM: 4096 [bytes]	 
diagnostics: 0	126	All files Preprocessed in 47 ms	 
diagnostics: 0	122	Compilation Started	PartingShades.c
warning: 257	1503	Result is not defined in function: 'main'	PartingShades.c
diagnostics: 257	123	Compiled Successfully	PartingShades.c
hint: 59	1164	Variable 'j' has been eliminated by optimizer	PartingShades.c
hint: 61	1164	Variable 'k' has been eliminated by optimizer	PartingShades.c
hint: 62	1164	Variable 'timeOut' has been eliminated by optimizer	PartingShades.c
hint: 63	1164	Variable 'error' has been eliminated by optimizer	PartingShades.c
hint: 200	1164	Variable 'timeOut' has been eliminated by optimizer	PartingShades.c
hint: 205	1164	Variable 'k' has been eliminated by optimizer	PartingShades.c
hint: 206	1164	Variable 'i' has been eliminated by optimizer	PartingShades.c
diagnostics: 0	127	All files Compiled in 78 ms	 
hint: 0	1144	Used RAM (bytes): 47 (20%)  Free RAM (bytes): 193 (80%)	Used RAM (bytes): 47 (20%)  Free RAM (bytes): 193 (80%)
hint: 0	1144	Used ROM (program words): 879 (21%)  Free ROM (program words): 3217 (79%)	Used ROM (program words): 879 (21%)  Free ROM (program words): 3217 (79%)
diagnostics: 0	125	Project Linked Successfully	PartingShades.mcppi
diagnostics: 0	128	Linked in 140 ms	 
diagnostics: 0	129	Project 'PartingShades.mcppi' completed: 358 ms	 
diagnostics: 0	103	Finished successfully: 09 Mar 2013, 23:48:58	PartingShades.mcppi
